TpTrace Verbose: 0 : 10948, 1, 2023/04/02, 11:23:51.778, 56785384313, vstest.console.dll, Version: 17.5.0-release-20221220-01 Current process architecture: X64
TpTrace Verbose: 0 : 10948, 1, 2023/04/02, 11:23:51.782, 56785424210, vstest.console.dll, Runtime location: C:\Program Files\dotnet\shared\Microsoft.NETCore.App\7.0.3
TpTrace Verbose: 0 : 10948, 1, 2023/04/02, 11:23:51.788, 56785480468, vstest.console.dll, ArtifactProcessingPostProcessModeProcessorExecutor.Initialize: ArtifactProcessingMode.Collect
TpTrace Verbose: 0 : 10948, 1, 2023/04/02, 11:23:51.788, 56785482369, vstest.console.dll, TestSessionCorrelationIdProcessorModeProcessorExecutor.Initialize: TestSessionCorrelationId '24844_ec28597f-41f1-41b8-9c26-25598e610f22'
TpTrace Information: 0 : 10948, 1, 2023/04/02, 11:23:51.803, 56785636395, vstest.console.dll, FilePatternParser: The given file C:\Users\Neychev\source\repos\Project\Tests\bin\Debug\net6.0\fine-code-coverage\build-output\Tests.dll is a full path.
TpTrace Verbose: 0 : 10948, 1, 2023/04/02, 11:23:51.813, 56785732681, vstest.console.dll, TestPluginCache.DiscoverTestExtensions: finding test extensions in assemblies ends with: RuntimeProvider.dll TPluginInfo: Microsoft.VisualStudio.TestPlatform.Common.ExtensionFramework.Utilities.TestRuntimePluginInformation TExtension: Microsoft.VisualStudio.TestPlatform.ObjectModel.Host.ITestRuntimeProvider
TpTrace Verbose: 0 : 10948, 1, 2023/04/02, 11:23:51.814, 56785740720, vstest.console.dll, TestPluginCache.GetExtensionPaths: Filtered extension paths: 
TpTrace Verbose: 0 : 10948, 1, 2023/04/02, 11:23:51.814, 56785742789, vstest.console.dll, TestPluginCache.GetExtensionPaths: Added default extension paths: C:\Program Files\dotnet\sdk\7.0.201\Extensions\Microsoft.Diagnostics.NETCore.Client.dll
C:\Program Files\dotnet\sdk\7.0.201\Extensions\Microsoft.TestPlatform.Extensions.BlameDataCollector.dll
C:\Program Files\dotnet\sdk\7.0.201\Extensions\Microsoft.TestPlatform.Extensions.EventLogCollector.dll
C:\Program Files\dotnet\sdk\7.0.201\Extensions\Microsoft.TestPlatform.TestHostRuntimeProvider.dll
C:\Program Files\dotnet\sdk\7.0.201\Extensions\Microsoft.VisualStudio.TestPlatform.Extensions.Html.TestLogger.dll
C:\Program Files\dotnet\sdk\7.0.201\Extensions\Microsoft.VisualStudio.TestPlatform.Extensions.Trx.TestLogger.dll
TpTrace Verbose: 0 : 10948, 1, 2023/04/02, 11:23:51.814, 56785743847, vstest.console.dll, TestPluginCache.GetExtensionPaths: Added unfilterableExtensionPaths: 
TpTrace Information: 0 : 10948, 1, 2023/04/02, 11:23:51.815, 56785757653, vstest.console.dll, AssemblyResolver.ctor: Creating AssemblyResolver with searchDirectories C:\Program Files\dotnet\sdk\7.0.201\Extensions,C:\Program Files\dotnet\sdk\7.0.201
TpTrace Verbose: 0 : 10948, 1, 2023/04/02, 11:23:51.817, 56785774754, vstest.console.dll, TestPluginCache.DiscoverTestExtensions: Discovering the extensions using extension path.
TpTrace Verbose: 0 : 10948, 1, 2023/04/02, 11:23:51.817, 56785776641, vstest.console.dll, TestPluginCache.GetExtensionPaths: Filtered extension paths: 
TpTrace Verbose: 0 : 10948, 1, 2023/04/02, 11:23:51.817, 56785777242, vstest.console.dll, TestPluginCache.GetExtensionPaths: Added default extension paths: C:\Program Files\dotnet\sdk\7.0.201\Extensions\Microsoft.Diagnostics.NETCore.Client.dll
C:\Program Files\dotnet\sdk\7.0.201\Extensions\Microsoft.TestPlatform.Extensions.BlameDataCollector.dll
C:\Program Files\dotnet\sdk\7.0.201\Extensions\Microsoft.TestPlatform.Extensions.EventLogCollector.dll
C:\Program Files\dotnet\sdk\7.0.201\Extensions\Microsoft.TestPlatform.TestHostRuntimeProvider.dll
C:\Program Files\dotnet\sdk\7.0.201\Extensions\Microsoft.VisualStudio.TestPlatform.Extensions.Html.TestLogger.dll
C:\Program Files\dotnet\sdk\7.0.201\Extensions\Microsoft.VisualStudio.TestPlatform.Extensions.Trx.TestLogger.dll
TpTrace Verbose: 0 : 10948, 1, 2023/04/02, 11:23:51.817, 56785777750, vstest.console.dll, TestPluginCache.GetExtensionPaths: Added unfilterableExtensionPaths: 
TpTrace Verbose: 0 : 10948, 1, 2023/04/02, 11:23:51.818, 56785779082, vstest.console.dll, TestPluginCache.DiscoverTestExtensions: Discovering the extensions using allExtensionPaths: C:\Program Files\dotnet\sdk\7.0.201\Extensions\Microsoft.Diagnostics.NETCore.Client.dll
C:\Program Files\dotnet\sdk\7.0.201\Extensions\Microsoft.TestPlatform.Extensions.BlameDataCollector.dll
C:\Program Files\dotnet\sdk\7.0.201\Extensions\Microsoft.TestPlatform.Extensions.EventLogCollector.dll
C:\Program Files\dotnet\sdk\7.0.201\Extensions\Microsoft.TestPlatform.TestHostRuntimeProvider.dll
C:\Program Files\dotnet\sdk\7.0.201\Extensions\Microsoft.VisualStudio.TestPlatform.Extensions.Html.TestLogger.dll
C:\Program Files\dotnet\sdk\7.0.201\Extensions\Microsoft.VisualStudio.TestPlatform.Extensions.Trx.TestLogger.dll
TpTrace Information: 0 : 10948, 1, 2023/04/02, 11:23:51.818, 56785781792, vstest.console.dll, AssemblyResolver.AddSearchDirectories: Adding more searchDirectories C:\Program Files\dotnet\sdk\7.0.201\Extensions,C:\Program Files\dotnet\sdk\7.0.201
TpTrace Information: 0 : 10948, 1, 2023/04/02, 11:23:51.818, 56785783071, vstest.console.dll, AssemblyResolver.AddSearchDirectories: Adding more searchDirectories C:\Program Files\dotnet\sdk\7.0.201\Extensions,C:\Program Files\dotnet\sdk\7.0.201
TpTrace Information: 0 : 10948, 1, 2023/04/02, 11:23:51.818, 56785783644, vstest.console.dll, AssemblyResolver.AddSearchDirectories: Adding more searchDirectories C:\Program Files\dotnet\sdk\7.0.201\Extensions,C:\Program Files\dotnet\sdk\7.0.201
TpTrace Information: 0 : 10948, 1, 2023/04/02, 11:23:51.818, 56785784128, vstest.console.dll, AssemblyResolver.AddSearchDirectories: Adding more searchDirectories C:\Program Files\dotnet\sdk\7.0.201\Extensions,C:\Program Files\dotnet\sdk\7.0.201
TpTrace Information: 0 : 10948, 1, 2023/04/02, 11:23:51.818, 56785784527, vstest.console.dll, AssemblyResolver.AddSearchDirectories: Adding more searchDirectories C:\Program Files\dotnet\sdk\7.0.201\Extensions,C:\Program Files\dotnet\sdk\7.0.201
TpTrace Information: 0 : 10948, 1, 2023/04/02, 11:23:51.818, 56785784897, vstest.console.dll, AssemblyResolver.AddSearchDirectories: Adding more searchDirectories C:\Program Files\dotnet\sdk\7.0.201\Extensions,C:\Program Files\dotnet\sdk\7.0.201
TpTrace Information: 0 : 10948, 1, 2023/04/02, 11:23:51.819, 56785792162, vstest.console.dll, AssemblyResolver.OnResolve: Microsoft.Diagnostics.NETCore.Client: Resolving assembly.
TpTrace Information: 0 : 10948, 1, 2023/04/02, 11:23:51.819, 56785793631, vstest.console.dll, AssemblyResolver.OnResolve: Microsoft.Diagnostics.NETCore.Client: Searching in: 'C:\Program Files\dotnet\sdk\7.0.201\Extensions'.
TpTrace Information: 0 : 10948, 1, 2023/04/02, 11:23:51.830, 56785904869, vstest.console.dll, AssemblyResolver.OnResolve: Microsoft.Diagnostics.NETCore.Client: Loading assembly 'C:\Program Files\dotnet\sdk\7.0.201\Extensions\Microsoft.Diagnostics.NETCore.Client.dll'.
TpTrace Information: 0 : 10948, 1, 2023/04/02, 11:23:51.831, 56785913029, vstest.console.dll, AssemblyResolver.OnResolve: Resolved assembly: Microsoft.Diagnostics.NETCore.Client, from path: C:\Program Files\dotnet\sdk\7.0.201\Extensions\Microsoft.Diagnostics.NETCore.Client.dll
TpTrace Verbose: 0 : 10948, 1, 2023/04/02, 11:23:51.833, 56785931152, vstest.console.dll, MetadataReaderExtensionsHelper: Discovering extensions inside assembly 'Microsoft.Diagnostics.NETCore.Client, Version=0.2.6.42401, Culture=neutral, PublicKeyToken=31bf3856ad364e35' file path 'C:\Program Files\dotnet\sdk\7.0.201\Extensions\Microsoft.Diagnostics.NETCore.Client.dll'
TpTrace Information: 0 : 10948, 1, 2023/04/02, 11:23:51.841, 56786010291, vstest.console.dll, AssemblyResolver.OnResolve: Microsoft.Bcl.AsyncInterfaces: Resolving assembly.
TpTrace Information: 0 : 10948, 1, 2023/04/02, 11:23:51.841, 56786012090, vstest.console.dll, AssemblyResolver.OnResolve: Microsoft.Bcl.AsyncInterfaces: Searching in: 'C:\Program Files\dotnet\sdk\7.0.201\Extensions'.
TpTrace Information: 0 : 10948, 1, 2023/04/02, 11:23:51.841, 56786013529, vstest.console.dll, AssemblyResolver.OnResolve: Microsoft.Bcl.AsyncInterfaces: Assembly path does not exist: 'C:\Program Files\dotnet\sdk\7.0.201\Extensions\Microsoft.Bcl.AsyncInterfaces.dll', returning.
TpTrace Information: 0 : 10948, 1, 2023/04/02, 11:23:51.841, 56786015755, vstest.console.dll, AssemblyResolver.OnResolve: Microsoft.Bcl.AsyncInterfaces: Assembly path does not exist: 'C:\Program Files\dotnet\sdk\7.0.201\Extensions\Microsoft.Bcl.AsyncInterfaces.exe', returning.
TpTrace Information: 0 : 10948, 1, 2023/04/02, 11:23:51.841, 56786016598, vstest.console.dll, AssemblyResolver.OnResolve: Microsoft.Bcl.AsyncInterfaces: Searching in: 'C:\Program Files\dotnet\sdk\7.0.201'.
TpTrace Information: 0 : 10948, 1, 2023/04/02, 11:23:51.841, 56786018043, vstest.console.dll, AssemblyResolver.OnResolve: Microsoft.Bcl.AsyncInterfaces: Assembly path does not exist: 'C:\Program Files\dotnet\sdk\7.0.201\Microsoft.Bcl.AsyncInterfaces.dll', returning.
TpTrace Information: 0 : 10948, 1, 2023/04/02, 11:23:51.842, 56786019478, vstest.console.dll, AssemblyResolver.OnResolve: Microsoft.Bcl.AsyncInterfaces: Assembly path does not exist: 'C:\Program Files\dotnet\sdk\7.0.201\Microsoft.Bcl.AsyncInterfaces.exe', returning.
TpTrace Information: 0 : 10948, 1, 2023/04/02, 11:23:51.842, 56786020411, vstest.console.dll, AssemblyResolver.OnResolve: Microsoft.Bcl.AsyncInterfaces: Failed to load assembly.
TpTrace Verbose: 0 : 10948, 1, 2023/04/02, 11:23:51.842, 56786021373, vstest.console.dll, CurrentDomainAssemblyResolve: Resolving assembly 'Microsoft.Bcl.AsyncInterfaces'.
TpTrace Information: 0 : 10948, 1, 2023/04/02, 11:23:51.842, 56786023011, vstest.console.dll, AssemblyResolver.OnResolve: Microsoft.Bcl.AsyncInterfaces: Resolving assembly.
TpTrace Information: 0 : 10948, 1, 2023/04/02, 11:23:51.842, 56786024399, vstest.console.dll, AssemblyResolver.OnResolve: Microsoft.Bcl.AsyncInterfaces: Resolved from cache.
TpTrace Verbose: 0 : 10948, 1, 2023/04/02, 11:23:51.842, 56786025341, vstest.console.dll, CurrentDomainAssemblyResolve: Resolving assembly 'Microsoft.Bcl.AsyncInterfaces'.
TpTrace Verbose: 0 : 10948, 1, 2023/04/02, 11:23:51.842, 56786026242, vstest.console.dll, CurrentDomainAssemblyResolve: Failed to resolve assembly 'Microsoft.Bcl.AsyncInterfaces'.
TpTrace Verbose: 0 : 10948, 1, 2023/04/02, 11:23:51.844, 56786043504, vstest.console.dll, CurrentDomainAssemblyResolve: Failed to resolve assembly 'Microsoft.Bcl.AsyncInterfaces'.
TpTrace Warning: 0 : 10948, 1, 2023/04/02, 11:23:51.859, 56786191681, vstest.console.dll, TestPluginDiscoverer: Failed to get types from assembly 'Microsoft.Diagnostics.NETCore.Client, Version=0.2.6.42401, Culture=neutral, PublicKeyToken=31bf3856ad364e35'. Error: System.Reflection.ReflectionTypeLoadException: Unable to load one or more of the requested types.
Could not load file or assembly 'Microsoft.Bcl.AsyncInterfaces, Version=1.0.0.0, Culture=neutral, PublicKeyToken=cc7b13ffcd2ddd51'. The system cannot find the file specified.
   at System.Reflection.RuntimeModule.GetTypes(RuntimeModule module)
   at System.Reflection.Assembly.GetTypes()
   at Microsoft.VisualStudio.TestPlatform.Common.ExtensionFramework.TestPluginDiscoverer.GetTestExtensionsFromAssembly[TPluginInfo,TExtension](Assembly assembly, Dictionary`2 pluginInfos, String filePath)
System.IO.FileNotFoundException: Could not load file or assembly 'Microsoft.Bcl.AsyncInterfaces, Version=1.0.0.0, Culture=neutral, PublicKeyToken=cc7b13ffcd2ddd51'. The system cannot find the file specified.
File name: 'Microsoft.Bcl.AsyncInterfaces, Version=1.0.0.0, Culture=neutral, PublicKeyToken=cc7b13ffcd2ddd51'
 ---> System.IO.FileNotFoundException: Could not load file or assembly 'Microsoft.Bcl.AsyncInterfaces, Culture=neutral, PublicKeyToken=null'. The system cannot find the file specified.
File name: 'Microsoft.Bcl.AsyncInterfaces, Culture=neutral, PublicKeyToken=null'
   at System.Reflection.RuntimeAssembly.InternalLoad(AssemblyName assemblyName, StackCrawlMark& stackMark, AssemblyLoadContext assemblyLoadContext, RuntimeAssembly requestingAssembly, Boolean throwOnFileNotFound)
   at System.Reflection.Assembly.Load(AssemblyName assemblyRef)
   at Microsoft.VisualStudio.TestPlatform.Common.ExtensionFramework.TestPluginCache.CurrentDomainAssemblyResolve(Object sender, AssemblyResolveEventArgs args)
   at System.Runtime.Loader.AssemblyLoadContext.GetFirstResolvedAssemblyFromResolvingEvent(AssemblyName assemblyName)
   at System.Runtime.Loader.AssemblyLoadContext.ResolveUsingEvent(AssemblyName assemblyName)
   at System.Runtime.Loader.AssemblyLoadContext.ResolveUsingResolvingEvent(IntPtr gchManagedAssemblyLoadContext, AssemblyName assemblyName)
TpTrace Warning: 0 : 10948, 1, 2023/04/02, 11:23:51.859, 56786197706, vstest.console.dll, LoaderExceptions: System.IO.FileNotFoundException: Could not load file or assembly 'Microsoft.Bcl.AsyncInterfaces, Version=1.0.0.0, Culture=neutral, PublicKeyToken=cc7b13ffcd2ddd51'. The system cannot find the file specified.
File name: 'Microsoft.Bcl.AsyncInterfaces, Version=1.0.0.0, Culture=neutral, PublicKeyToken=cc7b13ffcd2ddd51'
 ---> System.IO.FileNotFoundException: Could not load file or assembly 'Microsoft.Bcl.AsyncInterfaces, Culture=neutral, PublicKeyToken=null'. The system cannot find the file specified.
File name: 'Microsoft.Bcl.AsyncInterfaces, Culture=neutral, PublicKeyToken=null'
   at System.Reflection.RuntimeAssembly.InternalLoad(AssemblyName assemblyName, StackCrawlMark& stackMark, AssemblyLoadContext assemblyLoadContext, RuntimeAssembly requestingAssembly, Boolean throwOnFileNotFound)
   at System.Reflection.Assembly.Load(AssemblyName assemblyRef)
   at Microsoft.VisualStudio.TestPlatform.Common.ExtensionFramework.TestPluginCache.CurrentDomainAssemblyResolve(Object sender, AssemblyResolveEventArgs args)
   at System.Runtime.Loader.AssemblyLoadContext.GetFirstResolvedAssemblyFromResolvingEvent(AssemblyName assemblyName)
   at System.Runtime.Loader.AssemblyLoadContext.ResolveUsingEvent(AssemblyName assemblyName)
   at System.Runtime.Loader.AssemblyLoadContext.ResolveUsingResolvingEvent(IntPtr gchManagedAssemblyLoadContext, AssemblyName assemblyName)
TpTrace Information: 0 : 10948, 1, 2023/04/02, 11:23:51.860, 56786200602, vstest.console.dll, AssemblyResolver.OnResolve: Microsoft.TestPlatform.Extensions.BlameDataCollector: Resolving assembly.
TpTrace Information: 0 : 10948, 1, 2023/04/02, 11:23:51.860, 56786201516, vstest.console.dll, AssemblyResolver.OnResolve: Microsoft.TestPlatform.Extensions.BlameDataCollector: Searching in: 'C:\Program Files\dotnet\sdk\7.0.201\Extensions'.
TpTrace Information: 0 : 10948, 1, 2023/04/02, 11:23:51.860, 56786206382, vstest.console.dll, AssemblyResolver.OnResolve: Microsoft.TestPlatform.Extensions.BlameDataCollector: Loading assembly 'C:\Program Files\dotnet\sdk\7.0.201\Extensions\Microsoft.TestPlatform.Extensions.BlameDataCollector.dll'.
TpTrace Information: 0 : 10948, 1, 2023/04/02, 11:23:51.861, 56786211949, vstest.console.dll, AssemblyResolver.OnResolve: Resolved assembly: Microsoft.TestPlatform.Extensions.BlameDataCollector, from path: C:\Program Files\dotnet\sdk\7.0.201\Extensions\Microsoft.TestPlatform.Extensions.BlameDataCollector.dll
TpTrace Verbose: 0 : 10948, 1, 2023/04/02, 11:23:51.861, 56786213312, vstest.console.dll, MetadataReaderExtensionsHelper: Discovering extensions inside assembly 'Microsoft.TestPlatform.Extensions.BlameDataCollector, Version=15.0.0.0, Culture=neutral, PublicKeyToken=b03f5f7f11d50a3a' file path 'C:\Program Files\dotnet\sdk\7.0.201\Extensions\Microsoft.TestPlatform.Extensions.BlameDataCollector.dll'
TpTrace Information: 0 : 10948, 1, 2023/04/02, 11:23:51.863, 56786234045, vstest.console.dll, AssemblyResolver.OnResolve: Microsoft.TestPlatform.Extensions.EventLogCollector: Resolving assembly.
TpTrace Information: 0 : 10948, 1, 2023/04/02, 11:23:51.863, 56786235097, vstest.console.dll, AssemblyResolver.OnResolve: Microsoft.TestPlatform.Extensions.EventLogCollector: Searching in: 'C:\Program Files\dotnet\sdk\7.0.201\Extensions'.
TpTrace Information: 0 : 10948, 1, 2023/04/02, 11:23:51.863, 56786238542, vstest.console.dll, AssemblyResolver.OnResolve: Microsoft.TestPlatform.Extensions.EventLogCollector: Loading assembly 'C:\Program Files\dotnet\sdk\7.0.201\Extensions\Microsoft.TestPlatform.Extensions.EventLogCollector.dll'.
TpTrace Information: 0 : 10948, 1, 2023/04/02, 11:23:51.864, 56786243590, vstest.console.dll, AssemblyResolver.OnResolve: Resolved assembly: Microsoft.TestPlatform.Extensions.EventLogCollector, from path: C:\Program Files\dotnet\sdk\7.0.201\Extensions\Microsoft.TestPlatform.Extensions.EventLogCollector.dll
TpTrace Verbose: 0 : 10948, 1, 2023/04/02, 11:23:51.864, 56786244629, vstest.console.dll, MetadataReaderExtensionsHelper: Discovering extensions inside assembly 'Microsoft.TestPlatform.Extensions.EventLogCollector, Version=15.0.0.0, Culture=neutral, PublicKeyToken=b03f5f7f11d50a3a' file path 'C:\Program Files\dotnet\sdk\7.0.201\Extensions\Microsoft.TestPlatform.Extensions.EventLogCollector.dll'
TpTrace Information: 0 : 10948, 1, 2023/04/02, 11:23:51.867, 56786269337, vstest.console.dll, AssemblyResolver.OnResolve: Microsoft.TestPlatform.TestHostRuntimeProvider: Resolving assembly.
TpTrace Information: 0 : 10948, 1, 2023/04/02, 11:23:51.867, 56786270452, vstest.console.dll, AssemblyResolver.OnResolve: Microsoft.TestPlatform.TestHostRuntimeProvider: Searching in: 'C:\Program Files\dotnet\sdk\7.0.201\Extensions'.
TpTrace Information: 0 : 10948, 1, 2023/04/02, 11:23:51.867, 56786274212, vstest.console.dll, AssemblyResolver.OnResolve: Microsoft.TestPlatform.TestHostRuntimeProvider: Loading assembly 'C:\Program Files\dotnet\sdk\7.0.201\Extensions\Microsoft.TestPlatform.TestHostRuntimeProvider.dll'.
TpTrace Information: 0 : 10948, 1, 2023/04/02, 11:23:51.868, 56786279584, vstest.console.dll, AssemblyResolver.OnResolve: Resolved assembly: Microsoft.TestPlatform.TestHostRuntimeProvider, from path: C:\Program Files\dotnet\sdk\7.0.201\Extensions\Microsoft.TestPlatform.TestHostRuntimeProvider.dll
TpTrace Verbose: 0 : 10948, 1, 2023/04/02, 11:23:51.868, 56786280621, vstest.console.dll, MetadataReaderExtensionsHelper: Discovering extensions inside assembly 'Microsoft.TestPlatform.TestHostRuntimeProvider, Version=15.0.0.0, Culture=neutral, PublicKeyToken=b03f5f7f11d50a3a' file path 'C:\Program Files\dotnet\sdk\7.0.201\Extensions\Microsoft.TestPlatform.TestHostRuntimeProvider.dll'
TpTrace Information: 0 : 10948, 1, 2023/04/02, 11:23:51.870, 56786306161, vstest.console.dll, GetTestExtensionFromType: Register extension with identifier data 'HostProvider://DefaultTestHost' and type 'Microsoft.VisualStudio.TestPlatform.CrossPlatEngine.Hosting.DefaultTestHostManager, Microsoft.TestPlatform.TestHostRuntimeProvider, Version=15.0.0.0, Culture=neutral, PublicKeyToken=b03f5f7f11d50a3a' inside file 'C:\Program Files\dotnet\sdk\7.0.201\Extensions\Microsoft.TestPlatform.TestHostRuntimeProvider.dll'
TpTrace Information: 0 : 10948, 1, 2023/04/02, 11:23:51.871, 56786310024, vstest.console.dll, GetTestExtensionFromType: Register extension with identifier data 'HostProvider://DotnetTestHost' and type 'Microsoft.VisualStudio.TestPlatform.CrossPlatEngine.Hosting.DotnetTestHostManager, Microsoft.TestPlatform.TestHostRuntimeProvider, Version=15.0.0.0, Culture=neutral, PublicKeyToken=b03f5f7f11d50a3a' inside file 'C:\Program Files\dotnet\sdk\7.0.201\Extensions\Microsoft.TestPlatform.TestHostRuntimeProvider.dll'
TpTrace Information: 0 : 10948, 1, 2023/04/02, 11:23:51.871, 56786311262, vstest.console.dll, AssemblyResolver.OnResolve: Microsoft.VisualStudio.TestPlatform.Extensions.Html.TestLogger: Resolving assembly.
TpTrace Information: 0 : 10948, 1, 2023/04/02, 11:23:51.871, 56786311894, vstest.console.dll, AssemblyResolver.OnResolve: Microsoft.VisualStudio.TestPlatform.Extensions.Html.TestLogger: Searching in: 'C:\Program Files\dotnet\sdk\7.0.201\Extensions'.
TpTrace Information: 0 : 10948, 1, 2023/04/02, 11:23:51.871, 56786315667, vstest.console.dll, AssemblyResolver.OnResolve: Microsoft.VisualStudio.TestPlatform.Extensions.Html.TestLogger: Loading assembly 'C:\Program Files\dotnet\sdk\7.0.201\Extensions\Microsoft.VisualStudio.TestPlatform.Extensions.Html.TestLogger.dll'.
TpTrace Information: 0 : 10948, 1, 2023/04/02, 11:23:51.872, 56786320640, vstest.console.dll, AssemblyResolver.OnResolve: Resolved assembly: Microsoft.VisualStudio.TestPlatform.Extensions.Html.TestLogger, from path: C:\Program Files\dotnet\sdk\7.0.201\Extensions\Microsoft.VisualStudio.TestPlatform.Extensions.Html.TestLogger.dll
TpTrace Verbose: 0 : 10948, 1, 2023/04/02, 11:23:51.872, 56786321748, vstest.console.dll, MetadataReaderExtensionsHelper: Discovering extensions inside assembly 'Microsoft.VisualStudio.TestPlatform.Extensions.Html.TestLogger, Version=15.0.0.0, Culture=neutral, PublicKeyToken=b03f5f7f11d50a3a' file path 'C:\Program Files\dotnet\sdk\7.0.201\Extensions\Microsoft.VisualStudio.TestPlatform.Extensions.Html.TestLogger.dll'
TpTrace Information: 0 : 10948, 1, 2023/04/02, 11:23:51.873, 56786331338, vstest.console.dll, AssemblyResolver.OnResolve: Microsoft.VisualStudio.TestPlatform.Extensions.Trx.TestLogger: Resolving assembly.
TpTrace Information: 0 : 10948, 1, 2023/04/02, 11:23:51.873, 56786332337, vstest.console.dll, AssemblyResolver.OnResolve: Microsoft.VisualStudio.TestPlatform.Extensions.Trx.TestLogger: Searching in: 'C:\Program Files\dotnet\sdk\7.0.201\Extensions'.
TpTrace Information: 0 : 10948, 1, 2023/04/02, 11:23:51.873, 56786335856, vstest.console.dll, AssemblyResolver.OnResolve: Microsoft.VisualStudio.TestPlatform.Extensions.Trx.TestLogger: Loading assembly 'C:\Program Files\dotnet\sdk\7.0.201\Extensions\Microsoft.VisualStudio.TestPlatform.Extensions.Trx.TestLogger.dll'.
TpTrace Information: 0 : 10948, 1, 2023/04/02, 11:23:51.874, 56786341207, vstest.console.dll, AssemblyResolver.OnResolve: Resolved assembly: Microsoft.VisualStudio.TestPlatform.Extensions.Trx.TestLogger, from path: C:\Program Files\dotnet\sdk\7.0.201\Extensions\Microsoft.VisualStudio.TestPlatform.Extensions.Trx.TestLogger.dll
TpTrace Verbose: 0 : 10948, 1, 2023/04/02, 11:23:51.874, 56786342327, vstest.console.dll, MetadataReaderExtensionsHelper: Discovering extensions inside assembly 'Microsoft.VisualStudio.TestPlatform.Extensions.Trx.TestLogger, Version=15.0.0.0, Culture=neutral, PublicKeyToken=b03f5f7f11d50a3a' file path 'C:\Program Files\dotnet\sdk\7.0.201\Extensions\Microsoft.VisualStudio.TestPlatform.Extensions.Trx.TestLogger.dll'
TpTrace Verbose: 0 : 10948, 1, 2023/04/02, 11:23:51.875, 56786357108, vstest.console.dll, TestPluginCache: Discovered the extensions using extension path ''.
TpTrace Verbose: 0 : 10948, 1, 2023/04/02, 11:23:51.875, 56786358069, vstest.console.dll, TestPluginCache: Discoverers are ''.
TpTrace Verbose: 0 : 10948, 1, 2023/04/02, 11:23:51.875, 56786358466, vstest.console.dll, TestPluginCache: Executors are ''.
TpTrace Verbose: 0 : 10948, 1, 2023/04/02, 11:23:51.876, 56786359144, vstest.console.dll, TestPluginCache: Executors2 are ''.
TpTrace Verbose: 0 : 10948, 1, 2023/04/02, 11:23:51.876, 56786359685, vstest.console.dll, TestPluginCache: Setting providers are ''.
TpTrace Verbose: 0 : 10948, 1, 2023/04/02, 11:23:51.876, 56786360014, vstest.console.dll, TestPluginCache: Loggers are ''.
TpTrace Verbose: 0 : 10948, 1, 2023/04/02, 11:23:51.876, 56786362314, vstest.console.dll, TestPluginCache: TestHosts are 'HostProvider://DefaultTestHost,HostProvider://DotnetTestHost'.
TpTrace Verbose: 0 : 10948, 1, 2023/04/02, 11:23:51.876, 56786363351, vstest.console.dll, TestPluginCache: DataCollectors are ''.
TpTrace Information: 0 : 10948, 1, 2023/04/02, 11:23:51.892, 56786527729, vstest.console.dll, RunTestsArgumentProcessor:Execute: Test run is starting.
TpTrace Verbose: 0 : 10948, 1, 2023/04/02, 11:23:51.893, 56786529021, vstest.console.dll, RunTestsArgumentProcessor:Execute: Queuing Test run.
TpTrace Information: 0 : 10948, 1, 2023/04/02, 11:23:51.893, 56786532993, vstest.console.dll, TestRequestManager.RunTests: run tests started.
TpTrace Information: 0 : 10948, 1, 2023/04/02, 11:23:51.895, 56786552785, vstest.console.dll, AssemblyMetadataProvider.GetFrameworkName: Determined framework:'.NETCoreApp,Version=v6.0' for source: 'C:\Users\Neychev\source\repos\Project\Tests\bin\Debug\net6.0\fine-code-coverage\build-output\Tests.dll'
TpTrace Information: 0 : 10948, 1, 2023/04/02, 11:23:51.895, 56786555498, vstest.console.dll, Determined framework for all sources: .NETCoreApp,Version=v6.0
TpTrace Verbose: 0 : 10948, 1, 2023/04/02, 11:23:51.896, 56786561557, vstest.console.dll, TestRequestManager.UpdateRunSettingsIfRequired: Default architecture: X64 IsDefaultTargetArchitecture: True, Current process architecture: X64 OperatingSystem: Windows.
TpTrace Information: 0 : 10948, 1, 2023/04/02, 11:23:51.899, 56786594042, vstest.console.dll, AssemblyMetadataProvider.GetArchitecture: Determined architecture:AnyCPU info for assembly: C:\Users\Neychev\source\repos\Project\Tests\bin\Debug\net6.0\fine-code-coverage\build-output\Tests.dll
TpTrace Information: 0 : 10948, 1, 2023/04/02, 11:23:51.899, 56786595135, vstest.console.dll, Determined platform for source 'C:\Users\Neychev\source\repos\Project\Tests\bin\Debug\net6.0\fine-code-coverage\build-output\Tests.dll' was AnyCPU and it will use the default plaform X64.
TpTrace Information: 0 : 10948, 1, 2023/04/02, 11:23:51.899, 56786595766, vstest.console.dll, None of the sources provided any runnable platform, using the default platform: X64
TpTrace Information: 0 : 10948, 1, 2023/04/02, 11:23:51.899, 56786597113, vstest.console.dll, Platform was updated to 'X64'.
TpTrace Information: 0 : 10948, 1, 2023/04/02, 11:23:51.907, 56786671594, vstest.console.dll, InferRunSettingsHelper.IsTestSettingsEnabled: Unable to navigate to RunSettings/MSTest. Current node: RunSettings
TpTrace Information: 0 : 10948, 1, 2023/04/02, 11:23:51.908, 56786685065, vstest.console.dll, AssemblyResolver.OnResolve: Microsoft.VisualStudio.TestPlatform.Fakes: Resolving assembly.
TpTrace Information: 0 : 10948, 1, 2023/04/02, 11:23:51.908, 56786686573, vstest.console.dll, AssemblyResolver.OnResolve: Microsoft.VisualStudio.TestPlatform.Fakes: Searching in: 'C:\Program Files\dotnet\sdk\7.0.201\Extensions'.
TpTrace Information: 0 : 10948, 1, 2023/04/02, 11:23:51.908, 56786687820, vstest.console.dll, AssemblyResolver.OnResolve: Microsoft.VisualStudio.TestPlatform.Fakes: Assembly path does not exist: 'C:\Program Files\dotnet\sdk\7.0.201\Extensions\Microsoft.VisualStudio.TestPlatform.Fakes.dll', returning.
TpTrace Information: 0 : 10948, 1, 2023/04/02, 11:23:51.909, 56786689034, vstest.console.dll, AssemblyResolver.OnResolve: Microsoft.VisualStudio.TestPlatform.Fakes: Assembly path does not exist: 'C:\Program Files\dotnet\sdk\7.0.201\Extensions\Microsoft.VisualStudio.TestPlatform.Fakes.exe', returning.
TpTrace Information: 0 : 10948, 1, 2023/04/02, 11:23:51.909, 56786689581, vstest.console.dll, AssemblyResolver.OnResolve: Microsoft.VisualStudio.TestPlatform.Fakes: Searching in: 'C:\Program Files\dotnet\sdk\7.0.201'.
TpTrace Information: 0 : 10948, 1, 2023/04/02, 11:23:51.909, 56786690510, vstest.console.dll, AssemblyResolver.OnResolve: Microsoft.VisualStudio.TestPlatform.Fakes: Assembly path does not exist: 'C:\Program Files\dotnet\sdk\7.0.201\Microsoft.VisualStudio.TestPlatform.Fakes.dll', returning.
TpTrace Information: 0 : 10948, 1, 2023/04/02, 11:23:51.909, 56786691689, vstest.console.dll, AssemblyResolver.OnResolve: Microsoft.VisualStudio.TestPlatform.Fakes: Assembly path does not exist: 'C:\Program Files\dotnet\sdk\7.0.201\Microsoft.VisualStudio.TestPlatform.Fakes.exe', returning.
TpTrace Information: 0 : 10948, 1, 2023/04/02, 11:23:51.909, 56786692659, vstest.console.dll, AssemblyResolver.OnResolve: Microsoft.VisualStudio.TestPlatform.Fakes: Failed to load assembly.
TpTrace Information: 0 : 10948, 1, 2023/04/02, 11:23:51.909, 56786697460, vstest.console.dll, Failed to load assembly Microsoft.VisualStudio.TestPlatform.Fakes, Version=17.0.0.0, Culture=neutral. Reason:System.IO.FileNotFoundException: Could not load file or assembly 'Microsoft.VisualStudio.TestPlatform.Fakes, Version=17.0.0.0, Culture=neutral, PublicKeyToken=null'. The system cannot find the file specified.
File name: 'Microsoft.VisualStudio.TestPlatform.Fakes, Version=17.0.0.0, Culture=neutral, PublicKeyToken=null'
   at System.Reflection.RuntimeAssembly.InternalLoad(AssemblyName assemblyName, StackCrawlMark& stackMark, AssemblyLoadContext assemblyLoadContext, RuntimeAssembly requestingAssembly, Boolean throwOnFileNotFound)
   at System.Reflection.Assembly.Load(AssemblyName assemblyRef)
   at Microsoft.VisualStudio.TestPlatform.Common.Utilities.FakesUtilities.LoadTestPlatformAssembly()
TpTrace Verbose: 0 : 10948, 1, 2023/04/02, 11:23:51.917, 56786769022, vstest.console.dll, TestPluginCache.DiscoverTestExtensions: finding test extensions in assemblies ends with: TestLogger.dll TPluginInfo: Microsoft.VisualStudio.TestPlatform.Common.ExtensionFramework.Utilities.TestLoggerPluginInformation TExtension: Microsoft.VisualStudio.TestPlatform.ObjectModel.Client.ITestLogger
TpTrace Verbose: 0 : 10948, 1, 2023/04/02, 11:23:51.917, 56786771000, vstest.console.dll, TestPluginCache.GetExtensionPaths: Filtered extension paths: 
TpTrace Verbose: 0 : 10948, 1, 2023/04/02, 11:23:51.917, 56786771604, vstest.console.dll, TestPluginCache.GetExtensionPaths: Added default extension paths: C:\Program Files\dotnet\sdk\7.0.201\Extensions\Microsoft.Diagnostics.NETCore.Client.dll
C:\Program Files\dotnet\sdk\7.0.201\Extensions\Microsoft.TestPlatform.Extensions.BlameDataCollector.dll
C:\Program Files\dotnet\sdk\7.0.201\Extensions\Microsoft.TestPlatform.Extensions.EventLogCollector.dll
C:\Program Files\dotnet\sdk\7.0.201\Extensions\Microsoft.TestPlatform.TestHostRuntimeProvider.dll
C:\Program Files\dotnet\sdk\7.0.201\Extensions\Microsoft.VisualStudio.TestPlatform.Extensions.Html.TestLogger.dll
C:\Program Files\dotnet\sdk\7.0.201\Extensions\Microsoft.VisualStudio.TestPlatform.Extensions.Trx.TestLogger.dll
TpTrace Verbose: 0 : 10948, 1, 2023/04/02, 11:23:51.917, 56786772063, vstest.console.dll, TestPluginCache.GetExtensionPaths: Added unfilterableExtensionPaths: 
TpTrace Information: 0 : 10948, 1, 2023/04/02, 11:23:51.917, 56786773872, vstest.console.dll, AssemblyResolver.AddSearchDirectories: Adding more searchDirectories C:\Program Files\dotnet\sdk\7.0.201\Extensions,C:\Program Files\dotnet\sdk\7.0.201
TpTrace Verbose: 0 : 10948, 1, 2023/04/02, 11:23:51.917, 56786774720, vstest.console.dll, TestPluginCache.DiscoverTestExtensions: Discovering the extensions using extension path.
TpTrace Verbose: 0 : 10948, 1, 2023/04/02, 11:23:51.917, 56786775730, vstest.console.dll, TestPluginCache.GetExtensionPaths: Filtered extension paths: 
TpTrace Verbose: 0 : 10948, 1, 2023/04/02, 11:23:51.917, 56786776883, vstest.console.dll, TestPluginCache.GetExtensionPaths: Added default extension paths: C:\Program Files\dotnet\sdk\7.0.201\Extensions\Microsoft.Diagnostics.NETCore.Client.dll
C:\Program Files\dotnet\sdk\7.0.201\Extensions\Microsoft.TestPlatform.Extensions.BlameDataCollector.dll
C:\Program Files\dotnet\sdk\7.0.201\Extensions\Microsoft.TestPlatform.Extensions.EventLogCollector.dll
C:\Program Files\dotnet\sdk\7.0.201\Extensions\Microsoft.TestPlatform.TestHostRuntimeProvider.dll
C:\Program Files\dotnet\sdk\7.0.201\Extensions\Microsoft.VisualStudio.TestPlatform.Extensions.Html.TestLogger.dll
C:\Program Files\dotnet\sdk\7.0.201\Extensions\Microsoft.VisualStudio.TestPlatform.Extensions.Trx.TestLogger.dll
TpTrace Verbose: 0 : 10948, 1, 2023/04/02, 11:23:51.917, 56786777551, vstest.console.dll, TestPluginCache.GetExtensionPaths: Added unfilterableExtensionPaths: 
TpTrace Verbose: 0 : 10948, 1, 2023/04/02, 11:23:51.917, 56786778023, vstest.console.dll, TestPluginCache.DiscoverTestExtensions: Discovering the extensions using allExtensionPaths: C:\Program Files\dotnet\sdk\7.0.201\Extensions\Microsoft.Diagnostics.NETCore.Client.dll
C:\Program Files\dotnet\sdk\7.0.201\Extensions\Microsoft.TestPlatform.Extensions.BlameDataCollector.dll
C:\Program Files\dotnet\sdk\7.0.201\Extensions\Microsoft.TestPlatform.Extensions.EventLogCollector.dll
C:\Program Files\dotnet\sdk\7.0.201\Extensions\Microsoft.TestPlatform.TestHostRuntimeProvider.dll
C:\Program Files\dotnet\sdk\7.0.201\Extensions\Microsoft.VisualStudio.TestPlatform.Extensions.Html.TestLogger.dll
C:\Program Files\dotnet\sdk\7.0.201\Extensions\Microsoft.VisualStudio.TestPlatform.Extensions.Trx.TestLogger.dll
TpTrace Information: 0 : 10948, 1, 2023/04/02, 11:23:51.918, 56786778876, vstest.console.dll, AssemblyResolver.AddSearchDirectories: Adding more searchDirectories C:\Program Files\dotnet\sdk\7.0.201\Extensions,C:\Program Files\dotnet\sdk\7.0.201
TpTrace Information: 0 : 10948, 1, 2023/04/02, 11:23:51.918, 56786780954, vstest.console.dll, AssemblyResolver.AddSearchDirectories: Adding more searchDirectories C:\Program Files\dotnet\sdk\7.0.201\Extensions,C:\Program Files\dotnet\sdk\7.0.201
TpTrace Information: 0 : 10948, 1, 2023/04/02, 11:23:51.918, 56786782581, vstest.console.dll, AssemblyResolver.AddSearchDirectories: Adding more searchDirectories C:\Program Files\dotnet\sdk\7.0.201\Extensions,C:\Program Files\dotnet\sdk\7.0.201
TpTrace Information: 0 : 10948, 1, 2023/04/02, 11:23:51.918, 56786783381, vstest.console.dll, AssemblyResolver.AddSearchDirectories: Adding more searchDirectories C:\Program Files\dotnet\sdk\7.0.201\Extensions,C:\Program Files\dotnet\sdk\7.0.201
TpTrace Information: 0 : 10948, 1, 2023/04/02, 11:23:51.918, 56786784186, vstest.console.dll, AssemblyResolver.AddSearchDirectories: Adding more searchDirectories C:\Program Files\dotnet\sdk\7.0.201\Extensions,C:\Program Files\dotnet\sdk\7.0.201
TpTrace Information: 0 : 10948, 1, 2023/04/02, 11:23:51.918, 56786784834, vstest.console.dll, AssemblyResolver.AddSearchDirectories: Adding more searchDirectories C:\Program Files\dotnet\sdk\7.0.201\Extensions,C:\Program Files\dotnet\sdk\7.0.201
TpTrace Verbose: 0 : 10948, 1, 2023/04/02, 11:23:51.918, 56786787316, vstest.console.dll, MetadataReaderExtensionsHelper: Discovering extensions inside assembly 'Microsoft.Diagnostics.NETCore.Client, Version=0.2.6.42401, Culture=neutral, PublicKeyToken=31bf3856ad364e35' file path 'C:\Program Files\dotnet\sdk\7.0.201\Extensions\Microsoft.Diagnostics.NETCore.Client.dll'
TpTrace Information: 0 : 10948, 1, 2023/04/02, 11:23:51.920, 56786802668, vstest.console.dll, AssemblyResolver.OnResolve: Microsoft.Bcl.AsyncInterfaces: Resolving assembly.
TpTrace Information: 0 : 10948, 1, 2023/04/02, 11:23:51.920, 56786803761, vstest.console.dll, AssemblyResolver.OnResolve: Microsoft.Bcl.AsyncInterfaces: Resolved from cache.
TpTrace Verbose: 0 : 10948, 1, 2023/04/02, 11:23:51.920, 56786804384, vstest.console.dll, CurrentDomainAssemblyResolve: Resolving assembly 'Microsoft.Bcl.AsyncInterfaces'.
TpTrace Information: 0 : 10948, 1, 2023/04/02, 11:23:51.920, 56786805377, vstest.console.dll, AssemblyResolver.OnResolve: Microsoft.Bcl.AsyncInterfaces: Resolving assembly.
TpTrace Information: 0 : 10948, 1, 2023/04/02, 11:23:51.920, 56786805984, vstest.console.dll, AssemblyResolver.OnResolve: Microsoft.Bcl.AsyncInterfaces: Resolved from cache.
TpTrace Verbose: 0 : 10948, 1, 2023/04/02, 11:23:51.920, 56786806491, vstest.console.dll, CurrentDomainAssemblyResolve: Resolving assembly 'Microsoft.Bcl.AsyncInterfaces'.
TpTrace Verbose: 0 : 10948, 1, 2023/04/02, 11:23:51.920, 56786807037, vstest.console.dll, CurrentDomainAssemblyResolve: Failed to resolve assembly 'Microsoft.Bcl.AsyncInterfaces'.
TpTrace Verbose: 0 : 10948, 1, 2023/04/02, 11:23:51.921, 56786810343, vstest.console.dll, CurrentDomainAssemblyResolve: Failed to resolve assembly 'Microsoft.Bcl.AsyncInterfaces'.
TpTrace Warning: 0 : 10948, 1, 2023/04/02, 11:23:51.921, 56786817600, vstest.console.dll, TestPluginDiscoverer: Failed to get types from assembly 'Microsoft.Diagnostics.NETCore.Client, Version=0.2.6.42401, Culture=neutral, PublicKeyToken=31bf3856ad364e35'. Error: System.Reflection.ReflectionTypeLoadException: Unable to load one or more of the requested types.
Could not load file or assembly 'Microsoft.Bcl.AsyncInterfaces, Version=1.0.0.0, Culture=neutral, PublicKeyToken=cc7b13ffcd2ddd51'. The system cannot find the file specified.
   at System.Reflection.RuntimeModule.GetTypes(RuntimeModule module)
   at System.Reflection.Assembly.GetTypes()
   at Microsoft.VisualStudio.TestPlatform.Common.ExtensionFramework.TestPluginDiscoverer.GetTestExtensionsFromAssembly[TPluginInfo,TExtension](Assembly assembly, Dictionary`2 pluginInfos, String filePath)
System.IO.FileNotFoundException: Could not load file or assembly 'Microsoft.Bcl.AsyncInterfaces, Version=1.0.0.0, Culture=neutral, PublicKeyToken=cc7b13ffcd2ddd51'. The system cannot find the file specified.
File name: 'Microsoft.Bcl.AsyncInterfaces, Version=1.0.0.0, Culture=neutral, PublicKeyToken=cc7b13ffcd2ddd51'
 ---> System.IO.FileNotFoundException: Could not load file or assembly 'Microsoft.Bcl.AsyncInterfaces, Culture=neutral, PublicKeyToken=null'. The system cannot find the file specified.
File name: 'Microsoft.Bcl.AsyncInterfaces, Culture=neutral, PublicKeyToken=null'
   at System.Reflection.RuntimeAssembly.InternalLoad(AssemblyName assemblyName, StackCrawlMark& stackMark, AssemblyLoadContext assemblyLoadContext, RuntimeAssembly requestingAssembly, Boolean throwOnFileNotFound)
   at System.Reflection.Assembly.Load(AssemblyName assemblyRef)
   at Microsoft.VisualStudio.TestPlatform.Common.ExtensionFramework.TestPluginCache.CurrentDomainAssemblyResolve(Object sender, AssemblyResolveEventArgs args)
   at System.Runtime.Loader.AssemblyLoadContext.GetFirstResolvedAssemblyFromResolvingEvent(AssemblyName assemblyName)
   at System.Runtime.Loader.AssemblyLoadContext.ResolveUsingEvent(AssemblyName assemblyName)
   at System.Runtime.Loader.AssemblyLoadContext.ResolveUsingResolvingEvent(IntPtr gchManagedAssemblyLoadContext, AssemblyName assemblyName)
TpTrace Warning: 0 : 10948, 1, 2023/04/02, 11:23:51.922, 56786820926, vstest.console.dll, LoaderExceptions: System.IO.FileNotFoundException: Could not load file or assembly 'Microsoft.Bcl.AsyncInterfaces, Version=1.0.0.0, Culture=neutral, PublicKeyToken=cc7b13ffcd2ddd51'. The system cannot find the file specified.
File name: 'Microsoft.Bcl.AsyncInterfaces, Version=1.0.0.0, Culture=neutral, PublicKeyToken=cc7b13ffcd2ddd51'
 ---> System.IO.FileNotFoundException: Could not load file or assembly 'Microsoft.Bcl.AsyncInterfaces, Culture=neutral, PublicKeyToken=null'. The system cannot find the file specified.
File name: 'Microsoft.Bcl.AsyncInterfaces, Culture=neutral, PublicKeyToken=null'
   at System.Reflection.RuntimeAssembly.InternalLoad(AssemblyName assemblyName, StackCrawlMark& stackMark, AssemblyLoadContext assemblyLoadContext, RuntimeAssembly requestingAssembly, Boolean throwOnFileNotFound)
   at System.Reflection.Assembly.Load(AssemblyName assemblyRef)
   at Microsoft.VisualStudio.TestPlatform.Common.ExtensionFramework.TestPluginCache.CurrentDomainAssemblyResolve(Object sender, AssemblyResolveEventArgs args)
   at System.Runtime.Loader.AssemblyLoadContext.GetFirstResolvedAssemblyFromResolvingEvent(AssemblyName assemblyName)
   at System.Runtime.Loader.AssemblyLoadContext.ResolveUsingEvent(AssemblyName assemblyName)
   at System.Runtime.Loader.AssemblyLoadContext.ResolveUsingResolvingEvent(IntPtr gchManagedAssemblyLoadContext, AssemblyName assemblyName)
TpTrace Verbose: 0 : 10948, 1, 2023/04/02, 11:23:51.922, 56786822726, vstest.console.dll, MetadataReaderExtensionsHelper: Discovering extensions inside assembly 'Microsoft.TestPlatform.Extensions.BlameDataCollector, Version=15.0.0.0, Culture=neutral, PublicKeyToken=b03f5f7f11d50a3a' file path 'C:\Program Files\dotnet\sdk\7.0.201\Extensions\Microsoft.TestPlatform.Extensions.BlameDataCollector.dll'
TpTrace Information: 0 : 10948, 1, 2023/04/02, 11:23:51.923, 56786831220, vstest.console.dll, GetTestExtensionFromType: Register extension with identifier data 'logger://Microsoft/TestPlatform/Extensions/Blame/v1' and type 'Microsoft.TestPlatform.Extensions.BlameDataCollector.BlameLogger, Microsoft.TestPlatform.Extensions.BlameDataCollector, Version=15.0.0.0, Culture=neutral, PublicKeyToken=b03f5f7f11d50a3a' inside file 'C:\Program Files\dotnet\sdk\7.0.201\Extensions\Microsoft.TestPlatform.Extensions.BlameDataCollector.dll'
TpTrace Verbose: 0 : 10948, 1, 2023/04/02, 11:23:51.923, 56786832490, vstest.console.dll, MetadataReaderExtensionsHelper: Discovering extensions inside assembly 'Microsoft.TestPlatform.Extensions.EventLogCollector, Version=15.0.0.0, Culture=neutral, PublicKeyToken=b03f5f7f11d50a3a' file path 'C:\Program Files\dotnet\sdk\7.0.201\Extensions\Microsoft.TestPlatform.Extensions.EventLogCollector.dll'
TpTrace Verbose: 0 : 10948, 1, 2023/04/02, 11:23:51.923, 56786837581, vstest.console.dll, MetadataReaderExtensionsHelper: Discovering extensions inside assembly 'Microsoft.TestPlatform.TestHostRuntimeProvider, Version=15.0.0.0, Culture=neutral, PublicKeyToken=b03f5f7f11d50a3a' file path 'C:\Program Files\dotnet\sdk\7.0.201\Extensions\Microsoft.TestPlatform.TestHostRuntimeProvider.dll'
TpTrace Verbose: 0 : 10948, 1, 2023/04/02, 11:23:51.924, 56786843097, vstest.console.dll, MetadataReaderExtensionsHelper: Discovering extensions inside assembly 'Microsoft.VisualStudio.TestPlatform.Extensions.Html.TestLogger, Version=15.0.0.0, Culture=neutral, PublicKeyToken=b03f5f7f11d50a3a' file path 'C:\Program Files\dotnet\sdk\7.0.201\Extensions\Microsoft.VisualStudio.TestPlatform.Extensions.Html.TestLogger.dll'
TpTrace Information: 0 : 10948, 1, 2023/04/02, 11:23:51.925, 56786852204, vstest.console.dll, GetTestExtensionFromType: Register extension with identifier data 'logger://Microsoft/TestPlatform/HtmlLogger/v1' and type 'Microsoft.VisualStudio.TestPlatform.Extensions.HtmlLogger.HtmlLogger, Microsoft.VisualStudio.TestPlatform.Extensions.Html.TestLogger, Version=15.0.0.0, Culture=neutral, PublicKeyToken=b03f5f7f11d50a3a' inside file 'C:\Program Files\dotnet\sdk\7.0.201\Extensions\Microsoft.VisualStudio.TestPlatform.Extensions.Html.TestLogger.dll'
TpTrace Verbose: 0 : 10948, 1, 2023/04/02, 11:23:51.925, 56786853497, vstest.console.dll, MetadataReaderExtensionsHelper: Discovering extensions inside assembly 'Microsoft.VisualStudio.TestPlatform.Extensions.Trx.TestLogger, Version=15.0.0.0, Culture=neutral, PublicKeyToken=b03f5f7f11d50a3a' file path 'C:\Program Files\dotnet\sdk\7.0.201\Extensions\Microsoft.VisualStudio.TestPlatform.Extensions.Trx.TestLogger.dll'
TpTrace Information: 0 : 10948, 1, 2023/04/02, 11:23:51.926, 56786859908, vstest.console.dll, GetTestExtensionFromType: Register extension with identifier data 'logger://Microsoft/TestPlatform/TrxLogger/v1' and type 'Microsoft.VisualStudio.TestPlatform.Extensions.TrxLogger.TrxLogger, Microsoft.VisualStudio.TestPlatform.Extensions.Trx.TestLogger, Version=15.0.0.0, Culture=neutral, PublicKeyToken=b03f5f7f11d50a3a' inside file 'C:\Program Files\dotnet\sdk\7.0.201\Extensions\Microsoft.VisualStudio.TestPlatform.Extensions.Trx.TestLogger.dll'
TpTrace Verbose: 0 : 10948, 1, 2023/04/02, 11:23:51.926, 56786861670, vstest.console.dll, TestPluginCache: Discovered the extensions using extension path ''.
TpTrace Verbose: 0 : 10948, 1, 2023/04/02, 11:23:51.926, 56786862389, vstest.console.dll, TestPluginCache: Discoverers are ''.
TpTrace Verbose: 0 : 10948, 1, 2023/04/02, 11:23:51.926, 56786862927, vstest.console.dll, TestPluginCache: Executors are ''.
TpTrace Verbose: 0 : 10948, 1, 2023/04/02, 11:23:51.926, 56786863449, vstest.console.dll, TestPluginCache: Executors2 are ''.
TpTrace Verbose: 0 : 10948, 1, 2023/04/02, 11:23:51.926, 56786863974, vstest.console.dll, TestPluginCache: Setting providers are ''.
TpTrace Verbose: 0 : 10948, 1, 2023/04/02, 11:23:51.926, 56786865334, vstest.console.dll, TestPluginCache: Loggers are 'logger://Microsoft/TestPlatform/Extensions/Blame/v1,logger://Microsoft/TestPlatform/HtmlLogger/v1,logger://Microsoft/TestPlatform/TrxLogger/v1'.
TpTrace Verbose: 0 : 10948, 1, 2023/04/02, 11:23:51.926, 56786866616, vstest.console.dll, TestPluginCache: TestHosts are 'HostProvider://DefaultTestHost,HostProvider://DotnetTestHost'.
TpTrace Verbose: 0 : 10948, 1, 2023/04/02, 11:23:51.926, 56786867314, vstest.console.dll, TestPluginCache: DataCollectors are ''.
TpTrace Information: 0 : 10948, 1, 2023/04/02, 11:23:51.928, 56786885498, vstest.console.dll, TestPluginManager.CreateTestExtension: Attempting to load test extension: Microsoft.TestPlatform.Extensions.BlameDataCollector.BlameLogger
TpTrace Verbose: 0 : 10948, 1, 2023/04/02, 11:23:51.940, 56787006615, vstest.console.dll, TestEngine: Initializing Parallel Execution as MaxCpuCount is set to: 1
TpTrace Information: 0 : 10948, 1, 2023/04/02, 11:23:51.943, 56787032619, vstest.console.dll, TestPluginManager.CreateTestExtension: Attempting to load test extension: Microsoft.VisualStudio.TestPlatform.CrossPlatEngine.Hosting.DefaultTestHostManager
TpTrace Information: 0 : 10948, 1, 2023/04/02, 11:23:51.944, 56787043375, vstest.console.dll, TestPluginManager.CreateTestExtension: Attempting to load test extension: Microsoft.VisualStudio.TestPlatform.CrossPlatEngine.Hosting.DotnetTestHostManager
TpTrace Information: 0 : 10948, 1, 2023/04/02, 11:23:51.946, 56787059927, vstest.console.dll, InferRunSettingsHelper.IsTestSettingsEnabled: Unable to navigate to RunSettings/MSTest. Current node: RunSettings
TpTrace Verbose: 0 : 10948, 1, 2023/04/02, 11:23:51.956, 56787158890, vstest.console.dll, TestEngine.GetExecutionManager: Chosen execution manager 'Microsoft.VisualStudio.TestPlatform.CrossPlatEngine.Client.Parallel.ParallelProxyExecutionManager, Microsoft.TestPlatform.CrossPlatEngine, Version=15.0.0.0, Culture=neutral, PublicKeyToken=b03f5f7f11d50a3a' ParallelLevel '1'.
TpTrace Verbose: 0 : 10948, 1, 2023/04/02, 11:23:51.956, 56787162033, vstest.console.dll, TestRunRequest.ExecuteAsync: Creating test run request.
TpTrace Verbose: 0 : 10948, 1, 2023/04/02, 11:23:51.956, 56787167580, vstest.console.dll, TestRunRequest.ExecuteAsync: Starting.
TpTrace Information: 0 : 10948, 1, 2023/04/02, 11:23:51.957, 56787174057, vstest.console.dll, TestRunRequest.ExecuteAsync: Starting run with settings:TestRunCriteria:
   KeepAlive=False,FrequencyOfRunStatsChangeEvent=10,RunStatsChangeEventTimeout=00:00:01.5000000,TestCaseFilter=,TestExecutorLauncher=
   Settingsxml=<RunSettings>
  <RunConfiguration>
    <ResultsDirectory>C:\Users\Neychev\source\repos\Project\Tests\bin\Debug\net6.0\fine-code-coverage\coverage-tool-output</ResultsDirectory>
    <TargetPlatform>X64</TargetPlatform>
    <TargetFrameworkVersion>.NETCoreApp,Version=v6.0</TargetFrameworkVersion>
    <DesignMode>False</DesignMode>
    <CollectSourceInformation>False</CollectSourceInformation>
  </RunConfiguration>
  <LoggerRunSettings>
    <Loggers>
      <Logger friendlyName="blame" enabled="True" />
      <Logger friendlyName="Console" uri="logger://microsoft/TestPlatform/ConsoleLogger/v1" assemblyQualifiedName="Microsoft.VisualStudio.TestPlatform.CommandLine.Internal.ConsoleLogger, vstest.console, Version=15.0.0.0, Culture=neutral, PublicKeyToken=b03f5f7f11d50a3a" codeBase="C:\Program Files\dotnet\sdk\7.0.201\vstest.console.dll" enabled="True" />
    </Loggers>
  </LoggerRunSettings>
  <DataCollectionRunSettings>
    <DataCollectors>
      <DataCollector friendlyName="blame" enabled="True">
        <Configuration>
          <ResultsDirectory>C:\Users\Neychev\source\repos\Project\Tests\bin\Debug\net6.0\fine-code-coverage\coverage-tool-output</ResultsDirectory>
        </Configuration>
      </DataCollector>
    </DataCollectors>
  </DataCollectionRunSettings>
</RunSettings>

TpTrace Verbose: 0 : 10948, 1, 2023/04/02, 11:23:51.957, 56787175504, vstest.console.dll, TestRunRequest.ExecuteAsync: Wait for the first run request is over.
TpTrace Verbose: 0 : 10948, 1, 2023/04/02, 11:23:51.958, 56787181566, vstest.console.dll, MulticastDelegateUtilities.SafeInvoke: TestRun.TestRunStart: Invoking callbacks was skipped because there are no subscribers.
TpTrace Verbose: 0 : 10948, 4, 2023/04/02, 11:23:51.958, 56787185265, vstest.console.dll, MulticastDelegateUtilities.SafeInvoke: InternalTestLoggerEvents.SendTestRunStart: Invoking callback 1/1 for Microsoft.VisualStudio.TestPlatform.CommandLine.Internal.ConsoleLogger., took 0 ms.
TpTrace Verbose: 0 : 10948, 1, 2023/04/02, 11:23:51.961, 56787210776, vstest.console.dll, ParallelProxyExecutionManager: Start execution. Total sources: 1
TpTrace Verbose: 0 : 10948, 1, 2023/04/02, 11:23:51.963, 56787236228, vstest.console.dll, TestRequestSender is acting as server.
TpTrace Verbose: 0 : 10948, 1, 2023/04/02, 11:23:51.965, 56787256199, vstest.console.dll, DataCollectionRequestSender.InitializeCommunication : Initialize communication. 
TpTrace Information: 0 : 10948, 1, 2023/04/02, 11:23:51.971, 56787318292, vstest.console.dll, Listening on Endpoint : 127.0.0.1:53158
TpTrace Verbose: 0 : 10948, 1, 2023/04/02, 11:23:51.982, 56787422454, vstest.console.dll, DotnetDataCollectionLauncher: Adding  --runtimeconfig "C:\Program Files\dotnet\sdk\7.0.201\datacollector.runtimeconfig.json" in args
TpTrace Verbose: 0 : 10948, 1, 2023/04/02, 11:23:51.982, 56787424273, vstest.console.dll, DotnetDataCollectionLauncher: Adding  --depsfile "C:\Program Files\dotnet\sdk\7.0.201\datacollector.deps.json" in args
TpTrace Verbose: 0 : 10948, 1, 2023/04/02, 11:23:51.982, 56787427167, vstest.console.dll, DotnetDataCollectionLauncher: Full path of dotnet.exe is C:\Program Files\dotnet\dotnet.exe
TpTrace Information: 0 : 10948, 1, 2023/04/02, 11:23:51.994, 56787543766, vstest.console.dll, ProxyDataCollectionManager.Initialize: Launched datacollector processId: 27376 port: 53158
TpTrace Information: 0 : 10948, 1, 2023/04/02, 11:23:51.994, 56787546464, vstest.console.dll, ProxyDataCollectionManager.Initialize: waiting for connection with timeout: 90 seconds
TpTrace Verbose: 0 : 10948, 1, 2023/04/02, 11:23:51.994, 56787547888, vstest.console.dll, DataCollectionRequestSender.WaitForRequestHandlerConnection : Waiting for connection with timeout: 90000
TpTrace Information: 0 : 10948, 8, 2023/04/02, 11:23:52.215, 56789756701, vstest.console.dll, Using the buffer size of 16384 bytes
TpTrace Verbose: 0 : 10948, 1, 2023/04/02, 11:23:52.215, 56789757092, vstest.console.dll, SocketCommunicationManager.WaitForClientConnection took: 220 ms, with 90000 ms timeout, and finished with True.
TpTrace Information: 0 : 10948, 8, 2023/04/02, 11:23:52.216, 56789759343, vstest.console.dll, Accepted Client request and set the flag
TpTrace Verbose: 0 : 10948, 1, 2023/04/02, 11:23:52.216, 56789761035, vstest.console.dll, ProxyDataCollectionManager.InvokeDataCollectionServiceAction: Starting.
TpTrace Information: 0 : 10948, 1, 2023/04/02, 11:23:52.216, 56789762237, vstest.console.dll, ProxyDataCollectionManager.BeforeTestRunStart: Get environment variable and port for datacollector processId: 27376 port: 53158
TpTrace Verbose: 0 : 10948, 1, 2023/04/02, 11:23:52.216, 56789763897, vstest.console.dll, DataCollectionRequestSender.SendBeforeTestRunStartAndGetResult: Send BeforeTestRunStart message with settingsXml <RunSettings><RunConfiguration><ResultsDirectory>C:\Users\Neychev\source\repos\Project\Tests\bin\Debug\net6.0\fine-code-coverage\coverage-tool-output</ResultsDirectory><TargetPlatform>X64</TargetPlatform><TargetFrameworkVersion>.NETCoreApp,Version=v6.0</TargetFrameworkVersion><DesignMode>False</DesignMode><CollectSourceInformation>False</CollectSourceInformation><TestAdaptersPaths>C:\Program Files\dotnet\sdk\7.0.201\Extensions</TestAdaptersPaths></RunConfiguration><LoggerRunSettings><Loggers><Logger friendlyName="blame" enabled="True" /><Logger friendlyName="Console" uri="logger://microsoft/TestPlatform/ConsoleLogger/v1" assemblyQualifiedName="Microsoft.VisualStudio.TestPlatform.CommandLine.Internal.ConsoleLogger, vstest.console, Version=15.0.0.0, Culture=neutral, PublicKeyToken=b03f5f7f11d50a3a" codeBase="C:\Program Files\dotnet\sdk\7.0.201\vstest.console.dll" enabled="True" /></Loggers></LoggerRunSettings><DataCollectionRunSettings><DataCollectors><DataCollector friendlyName="blame" enabled="True"><Configuration><ResultsDirectory>C:\Users\Neychev\source\repos\Project\Tests\bin\Debug\net6.0\fine-code-coverage\coverage-tool-output</ResultsDirectory></Configuration></DataCollector></DataCollectors></DataCollectionRunSettings></RunSettings> and sources System.Collections.Generic.List`1[System.String]: 
TpTrace Verbose: 0 : 10948, 1, 2023/04/02, 11:23:52.327, 56790869428, vstest.console.dll, DataCollectionRequestSender.SendBeforeTestRunStartAndGetResult: Received message: (DataCollection.SendMessage) -> {"MessageType":"DataCollection.SendMessage","Payload":{"FriendlyName":null,"Uri":null,"TestCaseId":"00000000-0000-0000-0000-000000000000","Message":"Logging DataCollector Diagnostics in file: C:\\Users\\Neychev\\source\\repos\\Project\\Tests\\bin\\Debug\\net6.0\\fine-code-coverage\\coverage-tool-output\\diagnostics.datacollector.23-04-02_11-23-51_98200_1.log","Level":0}}
TpTrace Verbose: 0 : 10948, 1, 2023/04/02, 11:23:52.444, 56792048610, vstest.console.dll, DataCollectionRequestSender.SendBeforeTestRunStartAndGetResult: Received message: (DataCollection.BeforeTestRunStartResult) -> {"MessageType":"DataCollection.BeforeTestRunStartResult","Payload":{"EnvironmentVariables":{},"DataCollectionEventsPort":53160}}
TpTrace Information: 0 : 10948, 1, 2023/04/02, 11:23:52.452, 56792126727, vstest.console.dll, ProxyDataCollectionManager.BeforeTestRunStart: SendBeforeTestRunStartAndGetResult successful, env variable from datacollector:   and testhost port: 53160
TpTrace Information: 0 : 10948, 1, 2023/04/02, 11:23:52.452, 56792127993, vstest.console.dll, ProxyDataCollectionManager.InvokeDataCollectionServiceAction: Completed.
TpTrace Verbose: 0 : 10948, 8, 2023/04/02, 11:23:52.453, 56792129864, vstest.console.dll, ParallelProxyExecutionManager: Execution started. Started clients: 1
TpTrace Verbose: 0 : 10948, 1, 2023/04/02, 11:23:52.453, 56792130420, vstest.console.dll, ProxyParallelExecutionManager: No sources available for execution.
TpTrace Information: 0 : 10948, 1, 2023/04/02, 11:23:52.453, 56792132855, vstest.console.dll, TestRunRequest.ExecuteAsync: Started.
TpTrace Verbose: 0 : 10948, 1, 2023/04/02, 11:23:52.453, 56792134619, vstest.console.dll, TestRunRequest.WaitForCompletion: Waiting with timeout -1.
TpTrace Verbose: 0 : 10948, 8, 2023/04/02, 11:23:52.453, 56792135478, vstest.console.dll, TestRunRequest:SendTestRunMessage: Starting.
TpTrace Verbose: 0 : 10948, 8, 2023/04/02, 11:23:52.453, 56792138029, vstest.console.dll, MulticastDelegateUtilities.SafeInvoke: TestRun.LogMessages: Invoking callback 1/1 for Microsoft.VisualStudio.TestPlatform.CommandLine.TestRunResultAggregator., took 0 ms.
TpTrace Information: 0 : 10948, 8, 2023/04/02, 11:23:52.454, 56792139105, vstest.console.dll, TestRunRequest:SendTestRunMessage: Completed.
TpTrace Verbose: 0 : 10948, 4, 2023/04/02, 11:23:52.454, 56792140669, vstest.console.dll, MulticastDelegateUtilities.SafeInvoke: InternalTestLoggerEvents.SendTestRunMessage: Invoking callback 1/1 for Microsoft.VisualStudio.TestPlatform.CommandLine.Internal.ConsoleLogger., took 0 ms.
TpTrace Verbose: 0 : 10948, 8, 2023/04/02, 11:23:52.454, 56792142191, vstest.console.dll, ProxyExecutionManager: Test host is always Lazy initialize.
TpTrace Verbose: 0 : 10948, 8, 2023/04/02, 11:23:52.454, 56792146017, vstest.console.dll, TestRequestSender.InitializeCommunication: initialize communication. 
TpTrace Information: 0 : 10948, 8, 2023/04/02, 11:23:52.455, 56792153809, vstest.console.dll, SocketServer.Start: Listening on endpoint : 127.0.0.1:53161
TpTrace Verbose: 0 : 10948, 8, 2023/04/02, 11:23:52.456, 56792165892, vstest.console.dll, DotnetTestHostmanager.GetTestHostProcessStartInfo: Platform environment 'X64' target architecture 'X64' framework '.NETCoreApp,Version=v6.0' OS 'Windows'
TpTrace Verbose: 0 : 10948, 8, 2023/04/02, 11:23:52.457, 56792168934, vstest.console.dll, DotnetTestHostmanager: Adding  --runtimeconfig "C:\Users\Neychev\source\repos\Project\Tests\bin\Debug\net6.0\fine-code-coverage\build-output\Tests.runtimeconfig.json" in args
TpTrace Verbose: 0 : 10948, 8, 2023/04/02, 11:23:52.457, 56792170446, vstest.console.dll, DotnetTestHostmanager: Adding  --depsfile "C:\Users\Neychev\source\repos\Project\Tests\bin\Debug\net6.0\fine-code-coverage\build-output\Tests.deps.json" in args
TpTrace Verbose: 0 : 10948, 8, 2023/04/02, 11:23:52.457, 56792172660, vstest.console.dll, DotnetTestHostmanager.IsWinOnArm: Current PROCESSOR_ARCHITECTURE from environment variable 'AMD64'
TpTrace Verbose: 0 : 10948, 8, 2023/04/02, 11:23:52.457, 56792173617, vstest.console.dll, DotnetTestHostmanager.IsWinOnArm: Is Windows on ARM 'False'
TpTrace Verbose: 0 : 10948, 8, 2023/04/02, 11:23:52.457, 56792174870, vstest.console.dll, DotnetTestHostManager: testhost.exe found at path: C:\Users\Neychev\source\repos\Project\Tests\bin\Debug\net6.0\fine-code-coverage\build-output\testhost.exe
TpTrace Verbose: 0 : 10948, 8, 2023/04/02, 11:23:52.457, 56792175781, vstest.console.dll, DotnetTestHostmanager: Full path of host exe is C:\Users\Neychev\source\repos\Project\Tests\bin\Debug\net6.0\fine-code-coverage\build-output\testhost.exe
TpTrace Verbose: 0 : 10948, 8, 2023/04/02, 11:23:52.457, 56792177586, vstest.console.dll, DotnetTestHostmanager.LaunchTestHostAsync: Found 'VSTEST_WINAPPHOST_DOTNET_ROOT' in env variables, value 'C:\Program Files\dotnet', forwarding to 'DOTNET_ROOT'
TpTrace Verbose: 0 : 10948, 8, 2023/04/02, 11:23:52.458, 56792180264, vstest.console.dll, DotnetTestHostManager: Starting process 'C:\Users\Neychev\source\repos\Project\Tests\bin\Debug\net6.0\fine-code-coverage\build-output\testhost.exe' with command line ' --runtimeconfig "C:\Users\Neychev\source\repos\Project\Tests\bin\Debug\net6.0\fine-code-coverage\build-output\Tests.runtimeconfig.json" --depsfile "C:\Users\Neychev\source\repos\Project\Tests\bin\Debug\net6.0\fine-code-coverage\build-output\Tests.deps.json" --port 53161 --endpoint 127.0.0.1:053161 --role client --parentprocessid 10948 --diag "C:\Users\Neychev\source\repos\Project\Tests\bin\Debug\net6.0\fine-code-coverage\coverage-tool-output\diagnostics.host.23-04-02_11-23-52_45607_8.log" --tracelevel 4 --datacollectionport 53160 --telemetryoptedin false'
TpTrace Verbose: 0 : 10948, 8, 2023/04/02, 11:23:52.469, 56792293793, vstest.console.dll, MulticastDelegateUtilities.SafeInvoke: HostProviderEvents.OnHostLaunched: Invoking callback 1/2 for Microsoft.VisualStudio.TestPlatform.CrossPlatEngine.Client.ProxyExecutionManagerWithDataCollection., took 2 ms.
TpTrace Verbose: 0 : 10948, 8, 2023/04/02, 11:23:52.469, 56792298157, vstest.console.dll, Test Runtime launched
TpTrace Verbose: 0 : 10948, 8, 2023/04/02, 11:23:52.470, 56792299511, vstest.console.dll, MulticastDelegateUtilities.SafeInvoke: HostProviderEvents.OnHostLaunched: Invoking callback 2/2 for Microsoft.VisualStudio.TestPlatform.CrossPlatEngine.Client.ProxyOperationManager., took 0 ms.
TpTrace Verbose: 0 : 10948, 8, 2023/04/02, 11:23:52.470, 56792301983, vstest.console.dll, TestRequestSender.WaitForRequestHandlerConnection: waiting for connection with timeout: 90000.
TpTrace Verbose: 0 : 10948, 12, 2023/04/02, 11:23:52.719, 56794789689, vstest.console.dll, MulticastDelegateUtilities.SafeInvoke: SocketServer: ClientConnected: Invoking callback 1/1 for Microsoft.VisualStudio.TestPlatform.CommunicationUtilities.TestRequestSender., took 0 ms.
TpTrace Verbose: 0 : 10948, 8, 2023/04/02, 11:23:52.719, 56794789710, vstest.console.dll, TestRequestSender.WaitForRequestHandlerConnection: waiting took 248 ms, with timeout 90000 ms, and result 0, which is success.
TpTrace Verbose: 0 : 10948, 12, 2023/04/02, 11:23:52.719, 56794791531, vstest.console.dll, SocketServer.OnClientConnected: Client connected for endPoint: 127.0.0.1:53161, starting MessageLoopAsync:
TpTrace Verbose: 0 : 10948, 12, 2023/04/02, 11:23:52.719, 56794796866, vstest.console.dll, TcpClientExtensions.MessageLoopAsync: Polling on remoteEndPoint: 127.0.0.1:53162 localEndPoint: 127.0.0.1:53161
TpTrace Verbose: 0 : 10948, 8, 2023/04/02, 11:23:52.720, 56794806856, vstest.console.dll, TestRequestSender.CheckVersionWithTestHost: Sending check version message: {"MessageType":"ProtocolVersion","Payload":7}
TpTrace Verbose: 0 : 10948, 12, 2023/04/02, 11:23:52.945, 56797052719, vstest.console.dll, TcpClientExtensions.MessageLoopAsync: NotifyDataAvailable remoteEndPoint: 127.0.0.1:53162 localEndPoint: 127.0.0.1:53161
TpTrace Verbose: 0 : 10948, 12, 2023/04/02, 11:23:52.945, 56797056359, vstest.console.dll, TestRequestSender.CheckVersionWithTestHost: onMessageReceived received message: (ProtocolVersion) -> {"MessageType":"ProtocolVersion","Payload":7}
TpTrace Verbose: 0 : 10948, 12, 2023/04/02, 11:23:52.946, 56797066643, vstest.console.dll, MulticastDelegateUtilities.SafeInvoke: LengthPrefixCommunicationChannel: MessageReceived: Invoking callback 1/1 for Microsoft.VisualStudio.TestPlatform.CommunicationUtilities.TestRequestSender+<>c__DisplayClass29_0., took 1 ms.
TpTrace Verbose: 0 : 10948, 8, 2023/04/02, 11:23:52.946, 56797068074, vstest.console.dll, TestPluginCache.GetExtensionPaths: Filtered extension paths: 
TpTrace Verbose: 0 : 10948, 12, 2023/04/02, 11:23:52.946, 56797068595, vstest.console.dll, TcpClientExtensions.MessageLoopAsync: Polling on remoteEndPoint: 127.0.0.1:53162 localEndPoint: 127.0.0.1:53161
TpTrace Verbose: 0 : 10948, 8, 2023/04/02, 11:23:52.947, 56797069406, vstest.console.dll, TestPluginCache.GetExtensionPaths: Added default extension paths: C:\Program Files\dotnet\sdk\7.0.201\Extensions\Microsoft.Diagnostics.NETCore.Client.dll
C:\Program Files\dotnet\sdk\7.0.201\Extensions\Microsoft.TestPlatform.Extensions.BlameDataCollector.dll
C:\Program Files\dotnet\sdk\7.0.201\Extensions\Microsoft.TestPlatform.Extensions.EventLogCollector.dll
C:\Program Files\dotnet\sdk\7.0.201\Extensions\Microsoft.TestPlatform.TestHostRuntimeProvider.dll
C:\Program Files\dotnet\sdk\7.0.201\Extensions\Microsoft.VisualStudio.TestPlatform.Extensions.Html.TestLogger.dll
C:\Program Files\dotnet\sdk\7.0.201\Extensions\Microsoft.VisualStudio.TestPlatform.Extensions.Trx.TestLogger.dll
TpTrace Verbose: 0 : 10948, 8, 2023/04/02, 11:23:52.947, 56797071164, vstest.console.dll, TestPluginCache.GetExtensionPaths: Added unfilterableExtensionPaths: 
TpTrace Verbose: 0 : 10948, 8, 2023/04/02, 11:23:52.952, 56797123783, vstest.console.dll, TestRequestSender.InitializeExecution: Sending initialize execution with message: {"Version":7,"MessageType":"TestExecution.Initialize","Payload":["C:\\Users\\Neychev\\source\\repos\\Project\\Tests\\bin\\Debug\\net6.0\\fine-code-coverage\\build-output\\NUnit3.TestAdapter.dll"]}
TpTrace Warning: 0 : 10948, 8, 2023/04/02, 11:23:52.953, 56797130784, vstest.console.dll, InferRunSettingsHelper.MakeRunsettingsCompatible: Removing the following settings: TargetPlatform from RunSettings file. To use those settings please move to latest version of Microsoft.NET.Test.Sdk
TpTrace Verbose: 0 : 10948, 12, 2023/04/02, 11:23:52.954, 56797142398, vstest.console.dll, TcpClientExtensions.MessageLoopAsync: NotifyDataAvailable remoteEndPoint: 127.0.0.1:53162 localEndPoint: 127.0.0.1:53161
TpTrace Verbose: 0 : 10948, 12, 2023/04/02, 11:23:52.954, 56797148304, vstest.console.dll, TestRequestSender.OnExecutionMessageReceived: Received message: {"Version":7,"MessageType":"TestSession.Message","Payload":{"MessageLevel":0,"Message":"Logging TestHost Diagnostics in file: C:\\Users\\Neychev\\source\\repos\\Project\\Tests\\bin\\Debug\\net6.0\\fine-code-coverage\\coverage-tool-output\\diagnostics.host.23-04-02_11-23-52_45607_8.log"}}
TpTrace Verbose: 0 : 10948, 12, 2023/04/02, 11:23:52.958, 56797187423, vstest.console.dll, TestRunRequest:SendTestRunMessage: Starting.
TpTrace Verbose: 0 : 10948, 12, 2023/04/02, 11:23:52.959, 56797189624, vstest.console.dll, MulticastDelegateUtilities.SafeInvoke: TestRun.LogMessages: Invoking callback 1/1 for Microsoft.VisualStudio.TestPlatform.CommandLine.TestRunResultAggregator., took 0 ms.
TpTrace Verbose: 0 : 10948, 4, 2023/04/02, 11:23:52.959, 56797190057, vstest.console.dll, MulticastDelegateUtilities.SafeInvoke: InternalTestLoggerEvents.SendTestRunMessage: Invoking callback 1/1 for Microsoft.VisualStudio.TestPlatform.CommandLine.Internal.ConsoleLogger., took 0 ms.
TpTrace Information: 0 : 10948, 12, 2023/04/02, 11:23:52.959, 56797190226, vstest.console.dll, TestRunRequest:SendTestRunMessage: Completed.
TpTrace Verbose: 0 : 10948, 12, 2023/04/02, 11:23:52.959, 56797192187, vstest.console.dll, MulticastDelegateUtilities.SafeInvoke: LengthPrefixCommunicationChannel: MessageReceived: Invoking callback 1/1 for Microsoft.VisualStudio.TestPlatform.CommunicationUtilities.TestRequestSender+<>c__DisplayClass34_0., took 4 ms.
TpTrace Verbose: 0 : 10948, 12, 2023/04/02, 11:23:52.959, 56797192694, vstest.console.dll, TcpClientExtensions.MessageLoopAsync: Polling on remoteEndPoint: 127.0.0.1:53162 localEndPoint: 127.0.0.1:53161
TpTrace Verbose: 0 : 10948, 8, 2023/04/02, 11:23:52.964, 56797241776, vstest.console.dll, TestRequestSender.StartTestRun: Sending test run with message: {"Version":7,"MessageType":"TestExecution.StartWithSources","Payload":{"AdapterSourceMap":{"_none_":["C:\\Users\\Neychev\\source\\repos\\Project\\Tests\\bin\\Debug\\net6.0\\fine-code-coverage\\build-output\\Tests.dll"]},"RunSettings":"<RunSettings>\r\n  <RunConfiguration>\r\n    <ResultsDirectory>C:\\Users\\Neychev\\source\\repos\\Project\\Tests\\bin\\Debug\\net6.0\\fine-code-coverage\\coverage-tool-output</ResultsDirectory>\r\n    <TargetFrameworkVersion>.NETCoreApp,Version=v6.0</TargetFrameworkVersion>\r\n    <DesignMode>False</DesignMode>\r\n    <CollectSourceInformation>False</CollectSourceInformation>\r\n  </RunConfiguration>\r\n  <LoggerRunSettings>\r\n    <Loggers>\r\n      <Logger friendlyName=\"blame\" enabled=\"True\" />\r\n      <Logger friendlyName=\"Console\" uri=\"logger://microsoft/TestPlatform/ConsoleLogger/v1\" assemblyQualifiedName=\"Microsoft.VisualStudio.TestPlatform.CommandLine.Internal.ConsoleLogger, vstest.console, Version=15.0.0.0, Culture=neutral, PublicKeyToken=b03f5f7f11d50a3a\" codeBase=\"C:\\Program Files\\dotnet\\sdk\\7.0.201\\vstest.console.dll\" enabled=\"True\" />\r\n    </Loggers>\r\n  </LoggerRunSettings>\r\n  <DataCollectionRunSettings>\r\n    <DataCollectors>\r\n      <DataCollector friendlyName=\"blame\" enabled=\"True\">\r\n        <Configuration>\r\n          <ResultsDirectory>C:\\Users\\Neychev\\source\\repos\\Project\\Tests\\bin\\Debug\\net6.0\\fine-code-coverage\\coverage-tool-output</ResultsDirectory>\r\n        </Configuration>\r\n      </DataCollector>\r\n    </DataCollectors>\r\n  </DataCollectionRunSettings>\r\n</RunSettings>","TestExecutionContext":{"FrequencyOfRunStatsChangeEvent":10,"RunStatsChangeEventTimeout":"00:00:01.5000000","InIsolation":false,"KeepAlive":false,"AreTestCaseLevelEventsRequired":false,"IsDebug":false,"TestCaseFilter":null,"FilterOptions":null},"Package":null}}
TpTrace Verbose: 0 : 10948, 12, 2023/04/02, 11:23:53.242, 56800028183, vstest.console.dll, TcpClientExtensions.MessageLoopAsync: NotifyDataAvailable remoteEndPoint: 127.0.0.1:53162 localEndPoint: 127.0.0.1:53161
TpTrace Verbose: 0 : 10948, 12, 2023/04/02, 11:23:53.243, 56800030785, vstest.console.dll, TestRequestSender.OnExecutionMessageReceived: Received message: {"Version":7,"MessageType":"TestSession.Message","Payload":{"MessageLevel":0,"Message":"NUnit Adapter 4.3.0.0: Test execution started"}}
TpTrace Verbose: 0 : 10948, 12, 2023/04/02, 11:23:53.243, 56800034873, vstest.console.dll, TestRunRequest:SendTestRunMessage: Starting.
TpTrace Verbose: 0 : 10948, 12, 2023/04/02, 11:23:53.243, 56800036201, vstest.console.dll, MulticastDelegateUtilities.SafeInvoke: TestRun.LogMessages: Invoking callback 1/1 for Microsoft.VisualStudio.TestPlatform.CommandLine.TestRunResultAggregator., took 0 ms.
TpTrace Information: 0 : 10948, 12, 2023/04/02, 11:23:53.243, 56800037081, vstest.console.dll, TestRunRequest:SendTestRunMessage: Completed.
TpTrace Verbose: 0 : 10948, 4, 2023/04/02, 11:23:53.243, 56800036623, vstest.console.dll, MulticastDelegateUtilities.SafeInvoke: InternalTestLoggerEvents.SendTestRunMessage: Invoking callback 1/1 for Microsoft.VisualStudio.TestPlatform.CommandLine.Internal.ConsoleLogger., took 0 ms.
TpTrace Verbose: 0 : 10948, 12, 2023/04/02, 11:23:53.243, 56800037878, vstest.console.dll, MulticastDelegateUtilities.SafeInvoke: LengthPrefixCommunicationChannel: MessageReceived: Invoking callback 1/1 for Microsoft.VisualStudio.TestPlatform.CommunicationUtilities.TestRequestSender+<>c__DisplayClass34_0., took 0 ms.
TpTrace Verbose: 0 : 10948, 12, 2023/04/02, 11:23:53.244, 56800039366, vstest.console.dll, TcpClientExtensions.MessageLoopAsync: Polling on remoteEndPoint: 127.0.0.1:53162 localEndPoint: 127.0.0.1:53161
TpTrace Verbose: 0 : 10948, 12, 2023/04/02, 11:23:53.298, 56800586840, vstest.console.dll, TcpClientExtensions.MessageLoopAsync: NotifyDataAvailable remoteEndPoint: 127.0.0.1:53162 localEndPoint: 127.0.0.1:53161
TpTrace Verbose: 0 : 10948, 12, 2023/04/02, 11:23:53.299, 56800589336, vstest.console.dll, TestRequestSender.OnExecutionMessageReceived: Received message: {"Version":7,"MessageType":"TestSession.Message","Payload":{"MessageLevel":0,"Message":"Running all tests in C:\\Users\\Neychev\\source\\repos\\Project\\Tests\\bin\\Debug\\net6.0\\fine-code-coverage\\build-output\\Tests.dll"}}
TpTrace Verbose: 0 : 10948, 12, 2023/04/02, 11:23:53.299, 56800592100, vstest.console.dll, TestRunRequest:SendTestRunMessage: Starting.
TpTrace Verbose: 0 : 10948, 12, 2023/04/02, 11:23:53.299, 56800593391, vstest.console.dll, MulticastDelegateUtilities.SafeInvoke: TestRun.LogMessages: Invoking callback 1/1 for Microsoft.VisualStudio.TestPlatform.CommandLine.TestRunResultAggregator., took 0 ms.
TpTrace Verbose: 0 : 10948, 4, 2023/04/02, 11:23:53.299, 56800593786, vstest.console.dll, MulticastDelegateUtilities.SafeInvoke: InternalTestLoggerEvents.SendTestRunMessage: Invoking callback 1/1 for Microsoft.VisualStudio.TestPlatform.CommandLine.Internal.ConsoleLogger., took 0 ms.
TpTrace Information: 0 : 10948, 12, 2023/04/02, 11:23:53.299, 56800594171, vstest.console.dll, TestRunRequest:SendTestRunMessage: Completed.
TpTrace Verbose: 0 : 10948, 12, 2023/04/02, 11:23:53.299, 56800596482, vstest.console.dll, MulticastDelegateUtilities.SafeInvoke: LengthPrefixCommunicationChannel: MessageReceived: Invoking callback 1/1 for Microsoft.VisualStudio.TestPlatform.CommunicationUtilities.TestRequestSender+<>c__DisplayClass34_0., took 0 ms.
TpTrace Verbose: 0 : 10948, 12, 2023/04/02, 11:23:53.299, 56800597381, vstest.console.dll, TcpClientExtensions.MessageLoopAsync: Polling on remoteEndPoint: 127.0.0.1:53162 localEndPoint: 127.0.0.1:53161
TpTrace Verbose: 0 : 10948, 12, 2023/04/02, 11:23:53.599, 56803592852, vstest.console.dll, TcpClientExtensions.MessageLoopAsync: NotifyDataAvailable remoteEndPoint: 127.0.0.1:53162 localEndPoint: 127.0.0.1:53161
TpTrace Verbose: 0 : 10948, 12, 2023/04/02, 11:23:53.599, 56803595014, vstest.console.dll, TestRequestSender.OnExecutionMessageReceived: Received message: {"Version":7,"MessageType":"TestSession.Message","Payload":{"MessageLevel":0,"Message":"   NUnit3TestExecutor discovered 25 of 25 NUnit test cases using Current Discovery mode, Non-Explicit run"}}
TpTrace Verbose: 0 : 10948, 12, 2023/04/02, 11:23:53.599, 56803596674, vstest.console.dll, TestRunRequest:SendTestRunMessage: Starting.
TpTrace Verbose: 0 : 10948, 12, 2023/04/02, 11:23:53.599, 56803597494, vstest.console.dll, MulticastDelegateUtilities.SafeInvoke: TestRun.LogMessages: Invoking callback 1/1 for Microsoft.VisualStudio.TestPlatform.CommandLine.TestRunResultAggregator., took 0 ms.
TpTrace Information: 0 : 10948, 12, 2023/04/02, 11:23:53.599, 56803597982, vstest.console.dll, TestRunRequest:SendTestRunMessage: Completed.
TpTrace Verbose: 0 : 10948, 4, 2023/04/02, 11:23:53.599, 56803597945, vstest.console.dll, MulticastDelegateUtilities.SafeInvoke: InternalTestLoggerEvents.SendTestRunMessage: Invoking callback 1/1 for Microsoft.VisualStudio.TestPlatform.CommandLine.Internal.ConsoleLogger., took 0 ms.
TpTrace Verbose: 0 : 10948, 12, 2023/04/02, 11:23:53.599, 56803598388, vstest.console.dll, MulticastDelegateUtilities.SafeInvoke: LengthPrefixCommunicationChannel: MessageReceived: Invoking callback 1/1 for Microsoft.VisualStudio.TestPlatform.CommunicationUtilities.TestRequestSender+<>c__DisplayClass34_0., took 0 ms.
TpTrace Verbose: 0 : 10948, 12, 2023/04/02, 11:23:53.600, 56803599894, vstest.console.dll, TcpClientExtensions.MessageLoopAsync: Polling on remoteEndPoint: 127.0.0.1:53162 localEndPoint: 127.0.0.1:53161
TpTrace Verbose: 0 : 10948, 12, 2023/04/02, 11:23:54.600, 56813604309, vstest.console.dll, TcpClientExtensions.MessageLoopAsync: Polling on remoteEndPoint: 127.0.0.1:53162 localEndPoint: 127.0.0.1:53161
TpTrace Verbose: 0 : 10948, 12, 2023/04/02, 11:23:54.647, 56814071508, vstest.console.dll, TcpClientExtensions.MessageLoopAsync: NotifyDataAvailable remoteEndPoint: 127.0.0.1:53162 localEndPoint: 127.0.0.1:53161
TpTrace Verbose: 0 : 10948, 12, 2023/04/02, 11:23:54.647, 56814074485, vstest.console.dll, TestRequestSender.OnExecutionMessageReceived: Received message: {"Version":7,"MessageType":"TestExecution.StatsChange","Payload":{"NewTestResults":[],"TestRunStatistics":{"ExecutedTests":0,"Stats":{}},"ActiveTests":[{"Id":"c068d08e-c4c3-3f6f-eb55-c0126fb8ac84","FullyQualifiedName":"Project.Test.CommonServicesTest.CommonServiceTests.FindUser_ReturnsNull_WhenUserNotFound","DisplayName":"FindUser_ReturnsNull_WhenUserNotFound","ExecutorUri":"executor://NUnit3TestExecutor","Source":"C:\\Users\\Neychev\\source\\repos\\Project\\Tests\\bin\\Debug\\net6.0\\fine-code-coverage\\build-output\\Tests.dll","CodeFilePath":null,"LineNumber":0,"Properties":[{"Key":{"Id":"NUnit.Seed","Label":"Seed","Category":"","Description":"","Attributes":0,"ValueType":"System.String"},"Value":"755295161"}]}]}}
TpTrace Verbose: 0 : 10948, 12, 2023/04/02, 11:23:54.674, 56814339019, vstest.console.dll, TestRunRequest:SendTestRunStatsChange: Starting.
TpTrace Verbose: 0 : 10948, 12, 2023/04/02, 11:23:54.674, 56814342140, vstest.console.dll, InProgress is FindUser_ReturnsNull_WhenUserNotFound
TpTrace Verbose: 0 : 10948, 12, 2023/04/02, 11:23:54.674, 56814344053, vstest.console.dll, MulticastDelegateUtilities.SafeInvoke: TestRun.RunStatsChanged: Invoking callbacks was skipped because there are no subscribers.
TpTrace Information: 0 : 10948, 12, 2023/04/02, 11:23:54.674, 56814344599, vstest.console.dll, TestRunRequest:SendTestRunStatsChange: Completed.
TpTrace Verbose: 0 : 10948, 12, 2023/04/02, 11:23:54.674, 56814345005, vstest.console.dll, MulticastDelegateUtilities.SafeInvoke: LengthPrefixCommunicationChannel: MessageReceived: Invoking callback 1/1 for Microsoft.VisualStudio.TestPlatform.CommunicationUtilities.TestRequestSender+<>c__DisplayClass34_0., took 27 ms.
TpTrace Verbose: 0 : 10948, 12, 2023/04/02, 11:23:54.674, 56814345640, vstest.console.dll, TcpClientExtensions.MessageLoopAsync: Polling on remoteEndPoint: 127.0.0.1:53162 localEndPoint: 127.0.0.1:53161
TpTrace Verbose: 0 : 10948, 12, 2023/04/02, 11:23:55.483, 56822435662, vstest.console.dll, TcpClientExtensions.MessageLoopAsync: NotifyDataAvailable remoteEndPoint: 127.0.0.1:53162 localEndPoint: 127.0.0.1:53161
TpTrace Verbose: 0 : 10948, 12, 2023/04/02, 11:23:55.484, 56822446280, vstest.console.dll, TestRequestSender.OnExecutionMessageReceived: Received message: {"Version":7,"MessageType":"TestExecution.StatsChange","Payload":{"NewTestResults":[{"TestCase":{"Id":"c068d08e-c4c3-3f6f-eb55-c0126fb8ac84","FullyQualifiedName":"Project.Test.CommonServicesTest.CommonServiceTests.FindUser_ReturnsNull_WhenUserNotFound","DisplayName":"FindUser_ReturnsNull_WhenUserNotFound","ExecutorUri":"executor://NUnit3TestExecutor","Source":"C:\\Users\\Neychev\\source\\repos\\Project\\Tests\\bin\\Debug\\net6.0\\fine-code-coverage\\build-output\\Tests.dll","CodeFilePath":null,"LineNumber":0,"Properties":[{"Key":{"Id":"NUnit.Seed","Label":"Seed","Category":"","Description":"","Attributes":0,"ValueType":"System.String"},"Value":"755295161"}]},"Attachments":[],"Outcome":1,"ErrorMessage":null,"ErrorStackTrace":null,"DisplayName":"FindUser_ReturnsNull_WhenUserNotFound","Messages":[],"ComputerName":"ACERNITRO5","Duration":"00:00:01.4347690","StartTime":"2023-04-02T08:23:53.6449416+00:00","EndTime":"2023-04-02T08:23:55.0795829+00:00","Properties":[{"Key":{"Id":"NUnit.Seed","Label":"Seed","Category":"","Description":"","Attributes":0,"ValueType":"System.String"},"Value":"755295161"}]},{"TestCase":{"Id":"56474926-9ade-01b6-7c9b-b7e27407ee7b","FullyQualifiedName":"Project.Test.CommonServicesTest.CommonServiceTests.FindUser_ReturnsUser_WhenUserFound","DisplayName":"FindUser_ReturnsUser_WhenUserFound","ExecutorUri":"executor://NUnit3TestExecutor","Source":"C:\\Users\\Neychev\\source\\repos\\Project\\Tests\\bin\\Debug\\net6.0\\fine-code-coverage\\build-output\\Tests.dll","CodeFilePath":null,"LineNumber":0,"Properties":[{"Key":{"Id":"NUnit.Seed","Label":"Seed","Category":"","Description":"","Attributes":0,"ValueType":"System.String"},"Value":"1791152413"}]},"Attachments":[],"Outcome":1,"ErrorMessage":null,"ErrorStackTrace":null,"DisplayName":"FindUser_ReturnsUser_WhenUserFound","Messages":[],"ComputerName":"ACERNITRO5","Duration":"00:00:00.2191340","StartTime":"2023-04-02T08:23:55.0821238+00:00","EndTime":"2023-04-02T08:23:55.3012578+00:00","Properties":[{"Key":{"Id":"NUnit.Seed","Label":"Seed","Category":"","Description":"","Attributes":0,"ValueType":"System.String"},"Value":"1791152413"}]},{"TestCase":{"Id":"f235a0e3-1249-aee1-e25d-3a14334f2abe","FullyQualifiedName":"Project.Test.CommonServicesTest.CommonServiceTests.OwnerName_ReturnsCorrectName","DisplayName":"OwnerName_ReturnsCorrectName","ExecutorUri":"executor://NUnit3TestExecutor","Source":"C:\\Users\\Neychev\\source\\repos\\Project\\Tests\\bin\\Debug\\net6.0\\fine-code-coverage\\build-output\\Tests.dll","CodeFilePath":null,"LineNumber":0,"Properties":[{"Key":{"Id":"NUnit.Seed","Label":"Seed","Category":"","Description":"","Attributes":0,"ValueType":"System.String"},"Value":"84242345"}]},"Attachments":[],"Outcome":1,"ErrorMessage":null,"ErrorStackTrace":null,"DisplayName":"OwnerName_ReturnsCorrectName","Messages":[],"ComputerName":"ACERNITRO5","Duration":"00:00:00.0037360","StartTime":"2023-04-02T08:23:55.3013198+00:00","EndTime":"2023-04-02T08:23:55.3050556+00:00","Properties":[{"Key":{"Id":"NUnit.Seed","Label":"Seed","Category":"","Description":"","Attributes":0,"ValueType":"System.String"},"Value":"84242345"}]},{"TestCase":{"Id":"b70e0416-254c-5877-ed93-e5458391200b","FullyQualifiedName":"Project.Tests.Controllers.GenreServiceTest.CheckIfOwner_FalseCase","DisplayName":"CheckIfOwner_FalseCase","ExecutorUri":"executor://NUnit3TestExecutor","Source":"C:\\Users\\Neychev\\source\\repos\\Project\\Tests\\bin\\Debug\\net6.0\\fine-code-coverage\\build-output\\Tests.dll","CodeFilePath":null,"LineNumber":0,"Properties":[{"Key":{"Id":"NUnit.Seed","Label":"Seed","Category":"","Description":"","Attributes":0,"ValueType":"System.String"},"Value":"117783401"}]},"Attachments":[],"Outcome":2,"ErrorMessage":"System.ArgumentException : An item with the same key has already been added. Key: 1","ErrorStackTrace":"   at System.Collections.Generic.Dictionary`2.TryInsert(TKey key, TValue value, InsertionBehavior behavior)\r\n   at Microsoft.EntityFrameworkCore.InMemory.Storage.Internal.InMemoryTable`1.Create(IUpdateEntry entry, IDiagnosticsLogger`1 updateLogger)\r\n   at Microsoft.EntityFrameworkCore.InMemory.Storage.Internal.InMemoryStore.ExecuteTransaction(IList`1 entries, IDiagnosticsLogger`1 updateLogger)\r\n   at Microsoft.EntityFrameworkCore.InMemory.Storage.Internal.InMemoryDatabase.SaveChanges(IList`1 entries)\r\n   at Microsoft.EntityFrameworkCore.ChangeTracking.Internal.StateManager.SaveChanges(IList`1 entriesToSave)\r\n   at Microsoft.EntityFrameworkCore.ChangeTracking.Internal.StateManager.SaveChanges(StateManager stateManager, Boolean acceptAllChangesOnSuccess)\r\n   at Microsoft.EntityFrameworkCore.ChangeTracking.Internal.StateManager.<>c.<SaveChanges>b__107_0(DbContext _, ValueTuple`2 t)\r\n   at Microsoft.EntityFrameworkCore.Storage.NonRetryingExecutionStrategy.Execute[TState,TResult](TState state, Func`3 operation, Func`3 verifySucceeded)\r\n   at Microsoft.EntityFrameworkCore.ChangeTracking.Internal.StateManager.SaveChanges(Boolean acceptAllChangesOnSuccess)\r\n   at Microsoft.EntityFrameworkCore.DbContext.SaveChanges(Boolean acceptAllChangesOnSuccess)\r\n   at Microsoft.EntityFrameworkCore.DbContext.SaveChanges()\r\n   at Project.Tests.Controllers.GenreServiceTest.CheckIfOwner_FalseCase() in C:\\Users\\Neychev\\source\\repos\\Project\\Tests\\GenreServiceTests.cs:line 165\n","DisplayName":"CheckIfOwner_FalseCase","Messages":[],"ComputerName":"ACERNITRO5","Duration":"00:00:00.1263240","StartTime":"2023-04-02T08:23:55.3086886+00:00","EndTime":"2023-04-02T08:23:55.4350122+00:00","Properties":[{"Key":{"Id":"NUnit.Seed","Label":"Seed","Category":"","Description":"","Attributes":0,"ValueType":"System.String"},"Value":"117783401"}]},{"TestCase":{"Id":"5454e0a5-86f2-50d7-ffd0-daef249075a1","FullyQualifiedName":"Project.Tests.Controllers.GenreServiceTest.CheckIfOwner_TrueCase","DisplayName":"CheckIfOwner_TrueCase","ExecutorUri":"executor://NUnit3TestExecutor","Source":"C:\\Users\\Neychev\\source\\repos\\Project\\Tests\\bin\\Debug\\net6.0\\fine-code-coverage\\build-output\\Tests.dll","CodeFilePath":null,"LineNumber":0,"Properties":[{"Key":{"Id":"NUnit.Seed","Label":"Seed","Category":"","Description":"","Attributes":0,"ValueType":"System.String"},"Value":"1198158908"}]},"Attachments":[],"Outcome":2,"ErrorMessage":"System.ArgumentException : An item with the same key has already been added. Key: 1","ErrorStackTrace":"   at System.Collections.Generic.Dictionary`2.TryInsert(TKey key, TValue value, InsertionBehavior behavior)\r\n   at Microsoft.EntityFrameworkCore.InMemory.Storage.Internal.InMemoryTable`1.Create(IUpdateEntry entry, IDiagnosticsLogger`1 updateLogger)\r\n   at Microsoft.EntityFrameworkCore.InMemory.Storage.Internal.InMemoryStore.ExecuteTransaction(IList`1 entries, IDiagnosticsLogger`1 updateLogger)\r\n   at Microsoft.EntityFrameworkCore.InMemory.Storage.Internal.InMemoryDatabase.SaveChanges(IList`1 entries)\r\n   at Microsoft.EntityFrameworkCore.ChangeTracking.Internal.StateManager.SaveChanges(IList`1 entriesToSave)\r\n   at Microsoft.EntityFrameworkCore.ChangeTracking.Internal.StateManager.SaveChanges(StateManager stateManager, Boolean acceptAllChangesOnSuccess)\r\n   at Microsoft.EntityFrameworkCore.ChangeTracking.Internal.StateManager.<>c.<SaveChanges>b__107_0(DbContext _, ValueTuple`2 t)\r\n   at Microsoft.EntityFrameworkCore.Storage.NonRetryingExecutionStrategy.Execute[TState,TResult](TState state, Func`3 operation, Func`3 verifySucceeded)\r\n   at Microsoft.EntityFrameworkCore.ChangeTracking.Internal.StateManager.SaveChanges(Boolean acceptAllChangesOnSuccess)\r\n   at Microsoft.EntityFrameworkCore.DbContext.SaveChanges(Boolean acceptAllChangesOnSuccess)\r\n   at Microsoft.EntityFrameworkCore.DbContext.SaveChanges()\r\n   at Project.Tests.Controllers.GenreServiceTest.CheckIfOwner_TrueCase() in C:\\Users\\Neychev\\source\\repos\\Project\\Tests\\GenreServiceTests.cs:line 138\n","DisplayName":"CheckIfOwner_TrueCase","Messages":[],"ComputerName":"ACERNITRO5","Duration":"00:00:00.0048540","StartTime":"2023-04-02T08:23:55.4352828+00:00","EndTime":"2023-04-02T08:23:55.4401366+00:00","Properties":[{"Key":{"Id":"NUnit.Seed","Label":"Seed","Category":"","Description":"","Attributes":0,"ValueType":"System.String"},"Value":"1198158908"}]},{"TestCase":{"Id":"d0a91be3-b735-d66f-feb3-1b56fdece25c","FullyQualifiedName":"Project.Tests.Controllers.GenreServiceTest.CreateGenre_AddsNewGenre","DisplayName":"CreateGenre_AddsNewGenre","ExecutorUri":"executor://NUnit3TestExecutor","Source":"C:\\Users\\Neychev\\source\\repos\\Project\\Tests\\bin\\Debug\\net6.0\\fine-code-coverage\\build-output\\Tests.dll","CodeFilePath":null,"LineNumber":0,"Properties":[{"Key":{"Id":"NUnit.Seed","Label":"Seed","Category":"","Description":"","Attributes":0,"ValueType":"System.String"},"Value":"1137695191"}]},"Attachments":[],"Outcome":2,"ErrorMessage":"System.ArgumentException : An item with the same key has already been added. Key: 1","ErrorStackTrace":"   at System.Collections.Generic.Dictionary`2.TryInsert(TKey key, TValue value, InsertionBehavior behavior)\r\n   at Microsoft.EntityFrameworkCore.InMemory.Storage.Internal.InMemoryTable`1.Create(IUpdateEntry entry, IDiagnosticsLogger`1 updateLogger)\r\n   at Microsoft.EntityFrameworkCore.InMemory.Storage.Internal.InMemoryStore.ExecuteTransaction(IList`1 entries, IDiagnosticsLogger`1 updateLogger)\r\n   at Microsoft.EntityFrameworkCore.InMemory.Storage.Internal.InMemoryDatabase.SaveChanges(IList`1 entries)\r\n   at Microsoft.EntityFrameworkCore.ChangeTracking.Internal.StateManager.SaveChanges(IList`1 entriesToSave)\r\n   at Microsoft.EntityFrameworkCore.ChangeTracking.Internal.StateManager.SaveChanges(StateManager stateManager, Boolean acceptAllChangesOnSuccess)\r\n   at Microsoft.EntityFrameworkCore.ChangeTracking.Internal.StateManager.<>c.<SaveChanges>b__107_0(DbContext _, ValueTuple`2 t)\r\n   at Microsoft.EntityFrameworkCore.Storage.NonRetryingExecutionStrategy.Execute[TState,TResult](TState state, Func`3 operation, Func`3 verifySucceeded)\r\n   at Microsoft.EntityFrameworkCore.ChangeTracking.Internal.StateManager.SaveChanges(Boolean acceptAllChangesOnSuccess)\r\n   at Microsoft.EntityFrameworkCore.DbContext.SaveChanges(Boolean acceptAllChangesOnSuccess)\r\n   at Microsoft.EntityFrameworkCore.DbContext.SaveChanges()\r\n   at Project.Tests.Controllers.GenreServiceTest.CreateGenre_AddsNewGenre() in C:\\Users\\Neychev\\source\\repos\\Project\\Tests\\GenreServiceTests.cs:line 69\n","DisplayName":"CreateGenre_AddsNewGenre","Messages":[],"ComputerName":"ACERNITRO5","Duration":"00:00:00.0031610","StartTime":"2023-04-02T08:23:55.4401673+00:00","EndTime":"2023-04-02T08:23:55.4433277+00:00","Properties":[{"Key":{"Id":"NUnit.Seed","Label":"Seed","Category":"","Description":"","Attributes":0,"ValueType":"System.String"},"Value":"1137695191"}]},{"TestCase":{"Id":"cc5a1e87-f91d-876f-d1f1-45c4bf4f6278","FullyQualifiedName":"Project.Tests.Controllers.GenreServiceTest.GenreDetails_ReturnGenreModel","DisplayName":"GenreDetails_ReturnGenreModel","ExecutorUri":"executor://NUnit3TestExecutor","Source":"C:\\Users\\Neychev\\source\\repos\\Project\\Tests\\bin\\Debug\\net6.0\\fine-code-coverage\\build-output\\Tests.dll","CodeFilePath":null,"LineNumber":0,"Properties":[{"Key":{"Id":"NUnit.Seed","Label":"Seed","Category":"","Description":"","Attributes":0,"ValueType":"System.String"},"Value":"2094982762"}]},"Attachments":[],"Outcome":2,"ErrorMessage":"System.ArgumentException : An item with the same key has already been added. Key: 1","ErrorStackTrace":"   at System.Collections.Generic.Dictionary`2.TryInsert(TKey key, TValue value, InsertionBehavior behavior)\r\n   at Microsoft.EntityFrameworkCore.InMemory.Storage.Internal.InMemoryTable`1.Create(IUpdateEntry entry, IDiagnosticsLogger`1 updateLogger)\r\n   at Microsoft.EntityFrameworkCore.InMemory.Storage.Internal.InMemoryStore.ExecuteTransaction(IList`1 entries, IDiagnosticsLogger`1 updateLogger)\r\n   at Microsoft.EntityFrameworkCore.InMemory.Storage.Internal.InMemoryDatabase.SaveChanges(IList`1 entries)\r\n   at Microsoft.EntityFrameworkCore.ChangeTracking.Internal.StateManager.SaveChanges(IList`1 entriesToSave)\r\n   at Microsoft.EntityFrameworkCore.ChangeTracking.Internal.StateManager.SaveChanges(StateManager stateManager, Boolean acceptAllChangesOnSuccess)\r\n   at Microsoft.EntityFrameworkCore.ChangeTracking.Internal.StateManager.<>c.<SaveChanges>b__107_0(DbContext _, ValueTuple`2 t)\r\n   at Microsoft.EntityFrameworkCore.Storage.NonRetryingExecutionStrategy.Execute[TState,TResult](TState state, Func`3 operation, Func`3 verifySucceeded)\r\n   at Microsoft.EntityFrameworkCore.ChangeTracking.Internal.StateManager.SaveChanges(Boolean acceptAllChangesOnSuccess)\r\n   at Microsoft.EntityFrameworkCore.DbContext.SaveChanges(Boolean acceptAllChangesOnSuccess)\r\n   at Microsoft.EntityFrameworkCore.DbContext.SaveChanges()\r\n   at Project.Tests.Controllers.GenreServiceTest.GenreDetails_ReturnGenreModel() in C:\\Users\\Neychev\\source\\repos\\Project\\Tests\\GenreServiceTests.cs:line 174\n","DisplayName":"GenreDetails_ReturnGenreModel","Messages":[],"ComputerName":"ACERNITRO5","Duration":"00:00:00.0021480","StartTime":"2023-04-02T08:23:55.4433572+00:00","EndTime":"2023-04-02T08:23:55.4455052+00:00","Properties":[{"Key":{"Id":"NUnit.Seed","Label":"Seed","Category":"","Description":"","Attributes":0,"ValueType":"System.String"},"Value":"2094982762"}]},{"TestCase":{"Id":"7169e27f-38bf-aba0-6cc9-d65ff18f355f","FullyQualifiedName":"Project.Tests.Controllers.GenreServiceTest.GetAllBooksById_ReturnsCorrectBooks","DisplayName":"GetAllBooksById_ReturnsCorrectBooks","ExecutorUri":"executor://NUnit3TestExecutor","Source":"C:\\Users\\Neychev\\source\\repos\\Project\\Tests\\bin\\Debug\\net6.0\\fine-code-coverage\\build-output\\Tests.dll","CodeFilePath":null,"LineNumber":0,"Properties":[{"Key":{"Id":"NUnit.Seed","Label":"Seed","Category":"","Description":"","Attributes":0,"ValueType":"System.String"},"Value":"735845515"}]},"Attachments":[],"Outcome":2,"ErrorMessage":"System.ArgumentException : An item with the same key has already been added. Key: 1","ErrorStackTrace":"   at System.Collections.Generic.Dictionary`2.TryInsert(TKey key, TValue value, InsertionBehavior behavior)\r\n   at Microsoft.EntityFrameworkCore.InMemory.Storage.Internal.InMemoryTable`1.Create(IUpdateEntry entry, IDiagnosticsLogger`1 updateLogger)\r\n   at Microsoft.EntityFrameworkCore.InMemory.Storage.Internal.InMemoryStore.ExecuteTransaction(IList`1 entries, IDiagnosticsLogger`1 updateLogger)\r\n   at Microsoft.EntityFrameworkCore.InMemory.Storage.Internal.InMemoryDatabase.SaveChanges(IList`1 entries)\r\n   at Microsoft.EntityFrameworkCore.ChangeTracking.Internal.StateManager.SaveChanges(IList`1 entriesToSave)\r\n   at Microsoft.EntityFrameworkCore.ChangeTracking.Internal.StateManager.SaveChanges(StateManager stateManager, Boolean acceptAllChangesOnSuccess)\r\n   at Microsoft.EntityFrameworkCore.ChangeTracking.Internal.StateManager.<>c.<SaveChanges>b__107_0(DbContext _, ValueTuple`2 t)\r\n   at Microsoft.EntityFrameworkCore.Storage.NonRetryingExecutionStrategy.Execute[TState,TResult](TState state, Func`3 operation, Func`3 verifySucceeded)\r\n   at Microsoft.EntityFrameworkCore.ChangeTracking.Internal.StateManager.SaveChanges(Boolean acceptAllChangesOnSuccess)\r\n   at Microsoft.EntityFrameworkCore.DbContext.SaveChanges(Boolean acceptAllChangesOnSuccess)\r\n   at Microsoft.EntityFrameworkCore.DbContext.SaveChanges()\r\n   at Project.Tests.Controllers.GenreServiceTest.GetAllBooksById_ReturnsCorrectBooks() in C:\\Users\\Neychev\\source\\repos\\Project\\Tests\\GenreServiceTests.cs:line 104\n","DisplayName":"GetAllBooksById_ReturnsCorrectBooks","Messages":[],"ComputerName":"ACERNITRO5","Duration":"00:00:00.0022410","StartTime":"2023-04-02T08:23:55.4455311+00:00","EndTime":"2023-04-02T08:23:55.4477721+00:00","Properties":[{"Key":{"Id":"NUnit.Seed","Label":"Seed","Category":"","Description":"","Attributes":0,"ValueType":"System.String"},"Value":"735845515"}]},{"TestCase":{"Id":"83d7c3d3-b3b1-8964-4f4f-6c0d4a88198c","FullyQualifiedName":"Project.Tests.Controllers.GenreServiceTest.GetAllGenres_ReturnsAllGenres","DisplayName":"GetAllGenres_ReturnsAllGenres","ExecutorUri":"executor://NUnit3TestExecutor","Source":"C:\\Users\\Neychev\\source\\repos\\Project\\Tests\\bin\\Debug\\net6.0\\fine-code-coverage\\build-output\\Tests.dll","CodeFilePath":null,"LineNumber":0,"Properties":[{"Key":{"Id":"NUnit.Seed","Label":"Seed","Category":"","Description":"","Attributes":0,"ValueType":"System.String"},"Value":"860165519"}]},"Attachments":[],"Outcome":2,"ErrorMessage":"System.ArgumentException : An item with the same key has already been added. Key: 1","ErrorStackTrace":"   at System.Collections.Generic.Dictionary`2.TryInsert(TKey key, TValue value, InsertionBehavior behavior)\r\n   at Microsoft.EntityFrameworkCore.InMemory.Storage.Internal.InMemoryTable`1.Create(IUpdateEntry entry, IDiagnosticsLogger`1 updateLogger)\r\n   at Microsoft.EntityFrameworkCore.InMemory.Storage.Internal.InMemoryStore.ExecuteTransaction(IList`1 entries, IDiagnosticsLogger`1 updateLogger)\r\n   at Microsoft.EntityFrameworkCore.InMemory.Storage.Internal.InMemoryDatabase.SaveChanges(IList`1 entries)\r\n   at Microsoft.EntityFrameworkCore.ChangeTracking.Internal.StateManager.SaveChanges(IList`1 entriesToSave)\r\n   at Microsoft.EntityFrameworkCore.ChangeTracking.Internal.StateManager.SaveChanges(StateManager stateManager, Boolean acceptAllChangesOnSuccess)\r\n   at Microsoft.EntityFrameworkCore.ChangeTracking.Internal.StateManager.<>c.<SaveChanges>b__107_0(DbContext _, ValueTuple`2 t)\r\n   at Microsoft.EntityFrameworkCore.Storage.NonRetryingExecutionStrategy.Execute[TState,TResult](TState state, Func`3 operation, Func`3 verifySucceeded)\r\n   at Microsoft.EntityFrameworkCore.ChangeTracking.Internal.StateManager.SaveChanges(Boolean acceptAllChangesOnSuccess)\r\n   at Microsoft.EntityFrameworkCore.DbContext.SaveChanges(Boolean acceptAllChangesOnSuccess)\r\n   at Microsoft.EntityFrameworkCore.DbContext.SaveChanges()\r\n   at Project.Tests.Controllers.GenreServiceTest.GetAllGenres_ReturnsAllGenres() in C:\\Users\\Neychev\\source\\repos\\Project\\Tests\\GenreServiceTests.cs:line 49\n","DisplayName":"GetAllGenres_ReturnsAllGenres","Messages":[],"ComputerName":"ACERNITRO5","Duration":"00:00:00.0041030","StartTime":"2023-04-02T08:23:55.4478007+00:00","EndTime":"2023-04-02T08:23:55.4519034+00:00","Properties":[{"Key":{"Id":"NUnit.Seed","Label":"Seed","Category":"","Description":"","Attributes":0,"ValueType":"System.String"},"Value":"860165519"}]}],"TestRunStatistics":{"ExecutedTests":9,"Stats":{"Passed":3,"Failed":6}},"ActiveTests":[{"Id":"56b28e1c-fede-30e2-2498-c75071e3b4f6","FullyQualifiedName":"Project.Tests.Controllers.GenreServiceTest.GetGenre_ReturnsCorrectGenre","DisplayName":"GetGenre_ReturnsCorrectGenre","ExecutorUri":"executor://NUnit3TestExecutor","Source":"C:\\Users\\Neychev\\source\\repos\\Project\\Tests\\bin\\Debug\\net6.0\\fine-code-coverage\\build-output\\Tests.dll","CodeFilePath":null,"LineNumber":0,"Properties":[{"Key":{"Id":"NUnit.Seed","Label":"Seed","Category":"","Description":"","Attributes":0,"ValueType":"System.String"},"Value":"1880818892"}]}]}}
TpTrace Verbose: 0 : 10948, 12, 2023/04/02, 11:23:55.502, 56822622117, vstest.console.dll, TestRunRequest:SendTestRunStatsChange: Starting.
TpTrace Verbose: 0 : 10948, 12, 2023/04/02, 11:23:55.502, 56822623680, vstest.console.dll, InProgress is GetGenre_ReturnsCorrectGenre
TpTrace Verbose: 0 : 10948, 12, 2023/04/02, 11:23:55.503, 56822629219, vstest.console.dll, MulticastDelegateUtilities.SafeInvoke: TestRun.RunStatsChanged: Invoking callbacks was skipped because there are no subscribers.
TpTrace Information: 0 : 10948, 12, 2023/04/02, 11:23:55.503, 56822630130, vstest.console.dll, TestRunRequest:SendTestRunStatsChange: Completed.
TpTrace Verbose: 0 : 10948, 12, 2023/04/02, 11:23:55.503, 56822630705, vstest.console.dll, MulticastDelegateUtilities.SafeInvoke: LengthPrefixCommunicationChannel: MessageReceived: Invoking callback 1/1 for Microsoft.VisualStudio.TestPlatform.CommunicationUtilities.TestRequestSender+<>c__DisplayClass34_0., took 18 ms.
TpTrace Verbose: 0 : 10948, 12, 2023/04/02, 11:23:55.503, 56822631434, vstest.console.dll, TcpClientExtensions.MessageLoopAsync: Polling on remoteEndPoint: 127.0.0.1:53162 localEndPoint: 127.0.0.1:53161
TpTrace Verbose: 0 : 10948, 4, 2023/04/02, 11:23:55.507, 56822674307, vstest.console.dll, MulticastDelegateUtilities.SafeInvoke: InternalTestLoggerEvents.SendTestResult: Invoking callback 1/1 for Microsoft.VisualStudio.TestPlatform.CommandLine.Internal.ConsoleLogger., took 4 ms.
TpTrace Verbose: 0 : 10948, 4, 2023/04/02, 11:23:55.508, 56822678974, vstest.console.dll, MulticastDelegateUtilities.SafeInvoke: InternalTestLoggerEvents.SendTestResult: Invoking callback 1/1 for Microsoft.VisualStudio.TestPlatform.CommandLine.Internal.ConsoleLogger., took 0 ms.
TpTrace Verbose: 0 : 10948, 4, 2023/04/02, 11:23:55.508, 56822680602, vstest.console.dll, MulticastDelegateUtilities.SafeInvoke: InternalTestLoggerEvents.SendTestResult: Invoking callback 1/1 for Microsoft.VisualStudio.TestPlatform.CommandLine.Internal.ConsoleLogger., took 0 ms.
TpTrace Verbose: 0 : 10948, 4, 2023/04/02, 11:23:55.511, 56822714153, vstest.console.dll, MulticastDelegateUtilities.SafeInvoke: InternalTestLoggerEvents.SendTestResult: Invoking callback 1/1 for Microsoft.VisualStudio.TestPlatform.CommandLine.Internal.ConsoleLogger., took 3 ms.
TpTrace Verbose: 0 : 10948, 4, 2023/04/02, 11:23:55.512, 56822718817, vstest.console.dll, MulticastDelegateUtilities.SafeInvoke: InternalTestLoggerEvents.SendTestResult: Invoking callback 1/1 for Microsoft.VisualStudio.TestPlatform.CommandLine.Internal.ConsoleLogger., took 0 ms.
TpTrace Verbose: 0 : 10948, 4, 2023/04/02, 11:23:55.512, 56822723029, vstest.console.dll, MulticastDelegateUtilities.SafeInvoke: InternalTestLoggerEvents.SendTestResult: Invoking callback 1/1 for Microsoft.VisualStudio.TestPlatform.CommandLine.Internal.ConsoleLogger., took 0 ms.
TpTrace Verbose: 0 : 10948, 4, 2023/04/02, 11:23:55.513, 56822733604, vstest.console.dll, MulticastDelegateUtilities.SafeInvoke: InternalTestLoggerEvents.SendTestResult: Invoking callback 1/1 for Microsoft.VisualStudio.TestPlatform.CommandLine.Internal.ConsoleLogger., took 0 ms.
TpTrace Verbose: 0 : 10948, 4, 2023/04/02, 11:23:55.514, 56822738832, vstest.console.dll, MulticastDelegateUtilities.SafeInvoke: InternalTestLoggerEvents.SendTestResult: Invoking callback 1/1 for Microsoft.VisualStudio.TestPlatform.CommandLine.Internal.ConsoleLogger., took 0 ms.
TpTrace Verbose: 0 : 10948, 4, 2023/04/02, 11:23:55.514, 56822743338, vstest.console.dll, MulticastDelegateUtilities.SafeInvoke: InternalTestLoggerEvents.SendTestResult: Invoking callback 1/1 for Microsoft.VisualStudio.TestPlatform.CommandLine.Internal.ConsoleLogger., took 0 ms.
TpTrace Verbose: 0 : 10948, 12, 2023/04/02, 11:23:55.710, 56824708222, vstest.console.dll, TcpClientExtensions.MessageLoopAsync: NotifyDataAvailable remoteEndPoint: 127.0.0.1:53162 localEndPoint: 127.0.0.1:53161
TpTrace Verbose: 0 : 10948, 12, 2023/04/02, 11:23:55.711, 56824713936, vstest.console.dll, TestRequestSender.OnExecutionMessageReceived: Received message: {"Version":7,"MessageType":"TestExecution.StatsChange","Payload":{"NewTestResults":[{"TestCase":{"Id":"56b28e1c-fede-30e2-2498-c75071e3b4f6","FullyQualifiedName":"Project.Tests.Controllers.GenreServiceTest.GetGenre_ReturnsCorrectGenre","DisplayName":"GetGenre_ReturnsCorrectGenre","ExecutorUri":"executor://NUnit3TestExecutor","Source":"C:\\Users\\Neychev\\source\\repos\\Project\\Tests\\bin\\Debug\\net6.0\\fine-code-coverage\\build-output\\Tests.dll","CodeFilePath":null,"LineNumber":0,"Properties":[{"Key":{"Id":"NUnit.Seed","Label":"Seed","Category":"","Description":"","Attributes":0,"ValueType":"System.String"},"Value":"1880818892"}]},"Attachments":[],"Outcome":2,"ErrorMessage":"System.ArgumentException : An item with the same key has already been added. Key: 1","ErrorStackTrace":"   at System.Collections.Generic.Dictionary`2.TryInsert(TKey key, TValue value, InsertionBehavior behavior)\r\n   at Microsoft.EntityFrameworkCore.InMemory.Storage.Internal.InMemoryTable`1.Create(IUpdateEntry entry, IDiagnosticsLogger`1 updateLogger)\r\n   at Microsoft.EntityFrameworkCore.InMemory.Storage.Internal.InMemoryStore.ExecuteTransaction(IList`1 entries, IDiagnosticsLogger`1 updateLogger)\r\n   at Microsoft.EntityFrameworkCore.InMemory.Storage.Internal.InMemoryDatabase.SaveChanges(IList`1 entries)\r\n   at Microsoft.EntityFrameworkCore.ChangeTracking.Internal.StateManager.SaveChanges(IList`1 entriesToSave)\r\n   at Microsoft.EntityFrameworkCore.ChangeTracking.Internal.StateManager.SaveChanges(StateManager stateManager, Boolean acceptAllChangesOnSuccess)\r\n   at Microsoft.EntityFrameworkCore.ChangeTracking.Internal.StateManager.<>c.<SaveChanges>b__107_0(DbContext _, ValueTuple`2 t)\r\n   at Microsoft.EntityFrameworkCore.Storage.NonRetryingExecutionStrategy.Execute[TState,TResult](TState state, Func`3 operation, Func`3 verifySucceeded)\r\n   at Microsoft.EntityFrameworkCore.ChangeTracking.Internal.StateManager.SaveChanges(Boolean acceptAllChangesOnSuccess)\r\n   at Microsoft.EntityFrameworkCore.DbContext.SaveChanges(Boolean acceptAllChangesOnSuccess)\r\n   at Microsoft.EntityFrameworkCore.DbContext.SaveChanges()\r\n   at Project.Tests.Controllers.GenreServiceTest.GetGenre_ReturnsCorrectGenre() in C:\\Users\\Neychev\\source\\repos\\Project\\Tests\\GenreServiceTests.cs:line 92\n","DisplayName":"GetGenre_ReturnsCorrectGenre","Messages":[],"ComputerName":"ACERNITRO5","Duration":"00:00:00.0023670","StartTime":"2023-04-02T08:23:55.4519335+00:00","EndTime":"2023-04-02T08:23:55.4542999+00:00","Properties":[{"Key":{"Id":"NUnit.Seed","Label":"Seed","Category":"","Description":"","Attributes":0,"ValueType":"System.String"},"Value":"1880818892"}]},{"TestCase":{"Id":"6953310b-87ca-155f-6c6b-d112128bb4ce","FullyQualifiedName":"Project.Tests.Controllers.GenreServiceTest.GetModel_ReturnsModel","DisplayName":"GetModel_ReturnsModel","ExecutorUri":"executor://NUnit3TestExecutor","Source":"C:\\Users\\Neychev\\source\\repos\\Project\\Tests\\bin\\Debug\\net6.0\\fine-code-coverage\\build-output\\Tests.dll","CodeFilePath":null,"LineNumber":0,"Properties":[{"Key":{"Id":"NUnit.Seed","Label":"Seed","Category":"","Description":"","Attributes":0,"ValueType":"System.String"},"Value":"1639991578"}]},"Attachments":[],"Outcome":2,"ErrorMessage":"System.ArgumentException : An item with the same key has already been added. Key: 1","ErrorStackTrace":"   at System.Collections.Generic.Dictionary`2.TryInsert(TKey key, TValue value, InsertionBehavior behavior)\r\n   at Microsoft.EntityFrameworkCore.InMemory.Storage.Internal.InMemoryTable`1.Create(IUpdateEntry entry, IDiagnosticsLogger`1 updateLogger)\r\n   at Microsoft.EntityFrameworkCore.InMemory.Storage.Internal.InMemoryStore.ExecuteTransaction(IList`1 entries, IDiagnosticsLogger`1 updateLogger)\r\n   at Microsoft.EntityFrameworkCore.InMemory.Storage.Internal.InMemoryDatabase.SaveChanges(IList`1 entries)\r\n   at Microsoft.EntityFrameworkCore.ChangeTracking.Internal.StateManager.SaveChanges(IList`1 entriesToSave)\r\n   at Microsoft.EntityFrameworkCore.ChangeTracking.Internal.StateManager.SaveChanges(StateManager stateManager, Boolean acceptAllChangesOnSuccess)\r\n   at Microsoft.EntityFrameworkCore.ChangeTracking.Internal.StateManager.<>c.<SaveChanges>b__107_0(DbContext _, ValueTuple`2 t)\r\n   at Microsoft.EntityFrameworkCore.Storage.NonRetryingExecutionStrategy.Execute[TState,TResult](TState state, Func`3 operation, Func`3 verifySucceeded)\r\n   at Microsoft.EntityFrameworkCore.ChangeTracking.Internal.StateManager.SaveChanges(Boolean acceptAllChangesOnSuccess)\r\n   at Microsoft.EntityFrameworkCore.DbContext.SaveChanges(Boolean acceptAllChangesOnSuccess)\r\n   at Microsoft.EntityFrameworkCore.DbContext.SaveChanges()\r\n   at Project.Tests.Controllers.GenreServiceTest.GetModel_ReturnsModel() in C:\\Users\\Neychev\\source\\repos\\Project\\Tests\\GenreServiceTests.cs:line 129\n","DisplayName":"GetModel_ReturnsModel","Messages":[],"ComputerName":"ACERNITRO5","Duration":"00:00:00.0019810","StartTime":"2023-04-02T08:23:55.4543237+00:00","EndTime":"2023-04-02T08:23:55.4563046+00:00","Properties":[{"Key":{"Id":"NUnit.Seed","Label":"Seed","Category":"","Description":"","Attributes":0,"ValueType":"System.String"},"Value":"1639991578"}]},{"TestCase":{"Id":"b1058c20-fbb8-40b8-7f93-a14f88aac840","FullyQualifiedName":"Project.Tests.Services.BookServiceTests.Add_AddModel","DisplayName":"Add_AddModel","ExecutorUri":"executor://NUnit3TestExecutor","Source":"C:\\Users\\Neychev\\source\\repos\\Project\\Tests\\bin\\Debug\\net6.0\\fine-code-coverage\\build-output\\Tests.dll","CodeFilePath":null,"LineNumber":0,"Properties":[{"Key":{"Id":"NUnit.Seed","Label":"Seed","Category":"","Description":"","Attributes":0,"ValueType":"System.String"},"Value":"933633470"}]},"Attachments":[],"Outcome":2,"ErrorMessage":"System.ArgumentException : An item with the same key has already been added. Key: 1","ErrorStackTrace":"   at System.Collections.Generic.Dictionary`2.TryInsert(TKey key, TValue value, InsertionBehavior behavior)\r\n   at Microsoft.EntityFrameworkCore.InMemory.Storage.Internal.InMemoryTable`1.Create(IUpdateEntry entry, IDiagnosticsLogger`1 updateLogger)\r\n   at Microsoft.EntityFrameworkCore.InMemory.Storage.Internal.InMemoryStore.ExecuteTransaction(IList`1 entries, IDiagnosticsLogger`1 updateLogger)\r\n   at Microsoft.EntityFrameworkCore.InMemory.Storage.Internal.InMemoryDatabase.SaveChanges(IList`1 entries)\r\n   at Microsoft.EntityFrameworkCore.ChangeTracking.Internal.StateManager.SaveChanges(IList`1 entriesToSave)\r\n   at Microsoft.EntityFrameworkCore.ChangeTracking.Internal.StateManager.SaveChanges(StateManager stateManager, Boolean acceptAllChangesOnSuccess)\r\n   at Microsoft.EntityFrameworkCore.ChangeTracking.Internal.StateManager.<>c.<SaveChanges>b__107_0(DbContext _, ValueTuple`2 t)\r\n   at Microsoft.EntityFrameworkCore.Storage.NonRetryingExecutionStrategy.Execute[TState,TResult](TState state, Func`3 operation, Func`3 verifySucceeded)\r\n   at Microsoft.EntityFrameworkCore.ChangeTracking.Internal.StateManager.SaveChanges(Boolean acceptAllChangesOnSuccess)\r\n   at Microsoft.EntityFrameworkCore.DbContext.SaveChanges(Boolean acceptAllChangesOnSuccess)\r\n   at Microsoft.EntityFrameworkCore.DbContext.SaveChanges()\r\n   at Project.Services.BookService.Add(ApplicationUser currentUser, BookFormModel model) in C:\\Users\\Neychev\\source\\repos\\Project\\Project\\Services\\BookService.cs:line 77\r\n   at Project.Tests.Services.BookServiceTests.Add_AddModel() in C:\\Users\\Neychev\\source\\repos\\Project\\Tests\\BookServiceTest.cs:line 123\n","DisplayName":"Add_AddModel","Messages":[],"ComputerName":"ACERNITRO5","Duration":"00:00:00.0967700","StartTime":"2023-04-02T08:23:55.4565406+00:00","EndTime":"2023-04-02T08:23:55.5533098+00:00","Properties":[{"Key":{"Id":"NUnit.Seed","Label":"Seed","Category":"","Description":"","Attributes":0,"ValueType":"System.String"},"Value":"933633470"}]},{"TestCase":{"Id":"5bff33f7-50b8-398b-879e-f3044ad41157","FullyQualifiedName":"Project.Tests.Services.BookServiceTests.Delete_DeleteModel","DisplayName":"Delete_DeleteModel","ExecutorUri":"executor://NUnit3TestExecutor","Source":"C:\\Users\\Neychev\\source\\repos\\Project\\Tests\\bin\\Debug\\net6.0\\fine-code-coverage\\build-output\\Tests.dll","CodeFilePath":null,"LineNumber":0,"Properties":[{"Key":{"Id":"NUnit.Seed","Label":"Seed","Category":"","Description":"","Attributes":0,"ValueType":"System.String"},"Value":"674899129"}]},"Attachments":[],"Outcome":1,"ErrorMessage":null,"ErrorStackTrace":null,"DisplayName":"Delete_DeleteModel","Messages":[],"ComputerName":"ACERNITRO5","Duration":"00:00:00.0581010","StartTime":"2023-04-02T08:23:55.5533587+00:00","EndTime":"2023-04-02T08:23:55.6114588+00:00","Properties":[{"Key":{"Id":"NUnit.Seed","Label":"Seed","Category":"","Description":"","Attributes":0,"ValueType":"System.String"},"Value":"674899129"}]},{"TestCase":{"Id":"70f751ba-376f-52fa-9c12-f71c43f12792","FullyQualifiedName":"Project.Tests.Services.BookServiceTests.Details_DetailsModel","DisplayName":"Details_DetailsModel","ExecutorUri":"executor://NUnit3TestExecutor","Source":"C:\\Users\\Neychev\\source\\repos\\Project\\Tests\\bin\\Debug\\net6.0\\fine-code-coverage\\build-output\\Tests.dll","CodeFilePath":null,"LineNumber":0,"Properties":[{"Key":{"Id":"NUnit.Seed","Label":"Seed","Category":"","Description":"","Attributes":0,"ValueType":"System.String"},"Value":"5105404"}]},"Attachments":[],"Outcome":1,"ErrorMessage":null,"ErrorStackTrace":null,"DisplayName":"Details_DetailsModel","Messages":[],"ComputerName":"ACERNITRO5","Duration":"00:00:00.0660370","StartTime":"2023-04-02T08:23:55.6114994+00:00","EndTime":"2023-04-02T08:23:55.6775355+00:00","Properties":[{"Key":{"Id":"NUnit.Seed","Label":"Seed","Category":"","Description":"","Attributes":0,"ValueType":"System.String"},"Value":"5105404"}]},{"TestCase":{"Id":"ee7f41c1-5b60-ca89-ae06-1ea256260616","FullyQualifiedName":"Project.Tests.Services.BookServiceTests.GetAllBooksById_ReturnCorrectBooks","DisplayName":"GetAllBooksById_ReturnCorrectBooks","ExecutorUri":"executor://NUnit3TestExecutor","Source":"C:\\Users\\Neychev\\source\\repos\\Project\\Tests\\bin\\Debug\\net6.0\\fine-code-coverage\\build-output\\Tests.dll","CodeFilePath":null,"LineNumber":0,"Properties":[{"Key":{"Id":"NUnit.Seed","Label":"Seed","Category":"","Description":"","Attributes":0,"ValueType":"System.String"},"Value":"110840065"}]},"Attachments":[],"Outcome":1,"ErrorMessage":null,"ErrorStackTrace":null,"DisplayName":"GetAllBooksById_ReturnCorrectBooks","Messages":[],"ComputerName":"ACERNITRO5","Duration":"00:00:00.0037340","StartTime":"2023-04-02T08:23:55.677586+00:00","EndTime":"2023-04-02T08:23:55.68132+00:00","Properties":[{"Key":{"Id":"NUnit.Seed","Label":"Seed","Category":"","Description":"","Attributes":0,"ValueType":"System.String"},"Value":"110840065"}]},{"TestCase":{"Id":"6810edff-71f5-d2b7-404d-2cd39937b265","FullyQualifiedName":"Project.Tests.Services.BookServiceTests.GetGenre_ReturnsCorrectGenre","DisplayName":"GetGenre_ReturnsCorrectGenre","ExecutorUri":"executor://NUnit3TestExecutor","Source":"C:\\Users\\Neychev\\source\\repos\\Project\\Tests\\bin\\Debug\\net6.0\\fine-code-coverage\\build-output\\Tests.dll","CodeFilePath":null,"LineNumber":0,"Properties":[{"Key":{"Id":"NUnit.Seed","Label":"Seed","Category":"","Description":"","Attributes":0,"ValueType":"System.String"},"Value":"566728847"}]},"Attachments":[],"Outcome":1,"ErrorMessage":null,"ErrorStackTrace":null,"DisplayName":"GetGenre_ReturnsCorrectGenre","Messages":[],"ComputerName":"ACERNITRO5","Duration":"00:00:00.0131930","StartTime":"2023-04-02T08:23:55.6813602+00:00","EndTime":"2023-04-02T08:23:55.6945523+00:00","Properties":[{"Key":{"Id":"NUnit.Seed","Label":"Seed","Category":"","Description":"","Attributes":0,"ValueType":"System.String"},"Value":"566728847"}]},{"TestCase":{"Id":"49514e9e-96fe-701b-40e9-4a4157a8fd1a","FullyQualifiedName":"Project.Tests.Services.BookServiceTests.GetGenres_ReturnsAllGenres","DisplayName":"GetGenres_ReturnsAllGenres","ExecutorUri":"executor://NUnit3TestExecutor","Source":"C:\\Users\\Neychev\\source\\repos\\Project\\Tests\\bin\\Debug\\net6.0\\fine-code-coverage\\build-output\\Tests.dll","CodeFilePath":null,"LineNumber":0,"Properties":[{"Key":{"Id":"NUnit.Seed","Label":"Seed","Category":"","Description":"","Attributes":0,"ValueType":"System.String"},"Value":"878416730"}]},"Attachments":[],"Outcome":1,"ErrorMessage":null,"ErrorStackTrace":null,"DisplayName":"GetGenres_ReturnsAllGenres","Messages":[],"ComputerName":"ACERNITRO5","Duration":"00:00:00.0085730","StartTime":"2023-04-02T08:23:55.6945953+00:00","EndTime":"2023-04-02T08:23:55.7031683+00:00","Properties":[{"Key":{"Id":"NUnit.Seed","Label":"Seed","Category":"","Description":"","Attributes":0,"ValueType":"System.String"},"Value":"878416730"}]},{"TestCase":{"Id":"dd665834-5785-4553-5e2e-069639dabbd8","FullyQualifiedName":"Project.Tests.Services.BookServiceTests.GetModel_ReturnModel","DisplayName":"GetModel_ReturnModel","ExecutorUri":"executor://NUnit3TestExecutor","Source":"C:\\Users\\Neychev\\source\\repos\\Project\\Tests\\bin\\Debug\\net6.0\\fine-code-coverage\\build-output\\Tests.dll","CodeFilePath":null,"LineNumber":0,"Properties":[{"Key":{"Id":"NUnit.Seed","Label":"Seed","Category":"","Description":"","Attributes":0,"ValueType":"System.String"},"Value":"1787750917"}]},"Attachments":[],"Outcome":1,"ErrorMessage":null,"ErrorStackTrace":null,"DisplayName":"GetModel_ReturnModel","Messages":[],"ComputerName":"ACERNITRO5","Duration":"00:00:00.0016310","StartTime":"2023-04-02T08:23:55.7032132+00:00","EndTime":"2023-04-02T08:23:55.704844+00:00","Properties":[{"Key":{"Id":"NUnit.Seed","Label":"Seed","Category":"","Description":"","Attributes":0,"ValueType":"System.String"},"Value":"1787750917"}]}],"TestRunStatistics":{"ExecutedTests":18,"Stats":{"Passed":9,"Failed":9}},"ActiveTests":[{"Id":"56113367-2efb-1058-6879-72d050b08c6f","FullyQualifiedName":"Project.Tests.Services.BookServiceTests.GetModelCreate_ReturnModel","DisplayName":"GetModelCreate_ReturnModel","ExecutorUri":"executor://NUnit3TestExecutor","Source":"C:\\Users\\Neychev\\source\\repos\\Project\\Tests\\bin\\Debug\\net6.0\\fine-code-coverage\\build-output\\Tests.dll","CodeFilePath":null,"LineNumber":0,"Properties":[{"Key":{"Id":"NUnit.Seed","Label":"Seed","Category":"","Description":"","Attributes":0,"ValueType":"System.String"},"Value":"1616558172"}]}]}}
TpTrace Verbose: 0 : 10948, 12, 2023/04/02, 11:23:55.713, 56824733143, vstest.console.dll, TestRunRequest:SendTestRunStatsChange: Starting.
TpTrace Verbose: 0 : 10948, 12, 2023/04/02, 11:23:55.713, 56824734038, vstest.console.dll, InProgress is GetModelCreate_ReturnModel
TpTrace Verbose: 0 : 10948, 12, 2023/04/02, 11:23:55.713, 56824735041, vstest.console.dll, MulticastDelegateUtilities.SafeInvoke: TestRun.RunStatsChanged: Invoking callbacks was skipped because there are no subscribers.
TpTrace Information: 0 : 10948, 12, 2023/04/02, 11:23:55.713, 56824735428, vstest.console.dll, TestRunRequest:SendTestRunStatsChange: Completed.
TpTrace Verbose: 0 : 10948, 12, 2023/04/02, 11:23:55.713, 56824736481, vstest.console.dll, MulticastDelegateUtilities.SafeInvoke: LengthPrefixCommunicationChannel: MessageReceived: Invoking callback 1/1 for Microsoft.VisualStudio.TestPlatform.CommunicationUtilities.TestRequestSender+<>c__DisplayClass34_0., took 2 ms.
TpTrace Verbose: 0 : 10948, 12, 2023/04/02, 11:23:55.713, 56824737046, vstest.console.dll, TcpClientExtensions.MessageLoopAsync: Polling on remoteEndPoint: 127.0.0.1:53162 localEndPoint: 127.0.0.1:53161
TpTrace Verbose: 0 : 10948, 4, 2023/04/02, 11:23:55.713, 56824738190, vstest.console.dll, MulticastDelegateUtilities.SafeInvoke: InternalTestLoggerEvents.SendTestResult: Invoking callback 1/1 for Microsoft.VisualStudio.TestPlatform.CommandLine.Internal.ConsoleLogger., took 0 ms.
TpTrace Verbose: 0 : 10948, 4, 2023/04/02, 11:23:55.714, 56824743805, vstest.console.dll, MulticastDelegateUtilities.SafeInvoke: InternalTestLoggerEvents.SendTestResult: Invoking callback 1/1 for Microsoft.VisualStudio.TestPlatform.CommandLine.Internal.ConsoleLogger., took 0 ms.
TpTrace Verbose: 0 : 10948, 4, 2023/04/02, 11:23:55.714, 56824747590, vstest.console.dll, MulticastDelegateUtilities.SafeInvoke: InternalTestLoggerEvents.SendTestResult: Invoking callback 1/1 for Microsoft.VisualStudio.TestPlatform.CommandLine.Internal.ConsoleLogger., took 0 ms.
TpTrace Verbose: 0 : 10948, 4, 2023/04/02, 11:23:55.715, 56824748808, vstest.console.dll, MulticastDelegateUtilities.SafeInvoke: InternalTestLoggerEvents.SendTestResult: Invoking callback 1/1 for Microsoft.VisualStudio.TestPlatform.CommandLine.Internal.ConsoleLogger., took 0 ms.
TpTrace Verbose: 0 : 10948, 4, 2023/04/02, 11:23:55.715, 56824749636, vstest.console.dll, MulticastDelegateUtilities.SafeInvoke: InternalTestLoggerEvents.SendTestResult: Invoking callback 1/1 for Microsoft.VisualStudio.TestPlatform.CommandLine.Internal.ConsoleLogger., took 0 ms.
TpTrace Verbose: 0 : 10948, 4, 2023/04/02, 11:23:55.715, 56824750411, vstest.console.dll, MulticastDelegateUtilities.SafeInvoke: InternalTestLoggerEvents.SendTestResult: Invoking callback 1/1 for Microsoft.VisualStudio.TestPlatform.CommandLine.Internal.ConsoleLogger., took 0 ms.
TpTrace Verbose: 0 : 10948, 4, 2023/04/02, 11:23:55.715, 56824751128, vstest.console.dll, MulticastDelegateUtilities.SafeInvoke: InternalTestLoggerEvents.SendTestResult: Invoking callback 1/1 for Microsoft.VisualStudio.TestPlatform.CommandLine.Internal.ConsoleLogger., took 0 ms.
TpTrace Verbose: 0 : 10948, 4, 2023/04/02, 11:23:55.715, 56824751807, vstest.console.dll, MulticastDelegateUtilities.SafeInvoke: InternalTestLoggerEvents.SendTestResult: Invoking callback 1/1 for Microsoft.VisualStudio.TestPlatform.CommandLine.Internal.ConsoleLogger., took 0 ms.
TpTrace Verbose: 0 : 10948, 4, 2023/04/02, 11:23:55.715, 56824752288, vstest.console.dll, MulticastDelegateUtilities.SafeInvoke: InternalTestLoggerEvents.SendTestResult: Invoking callback 1/1 for Microsoft.VisualStudio.TestPlatform.CommandLine.Internal.ConsoleLogger., took 0 ms.
TpTrace Verbose: 0 : 10948, 12, 2023/04/02, 11:23:55.813, 56825729074, vstest.console.dll, TcpClientExtensions.MessageLoopAsync: NotifyDataAvailable remoteEndPoint: 127.0.0.1:53162 localEndPoint: 127.0.0.1:53161
TpTrace Verbose: 0 : 10948, 12, 2023/04/02, 11:23:55.813, 56825730725, vstest.console.dll, TestRequestSender.OnExecutionMessageReceived: Received message: {"Version":7,"MessageType":"TestSession.Message","Payload":{"MessageLevel":0,"Message":"NUnit Adapter 4.3.0.0: Test execution complete"}}
TpTrace Verbose: 0 : 10948, 12, 2023/04/02, 11:23:55.813, 56825732842, vstest.console.dll, TestRunRequest:SendTestRunMessage: Starting.
TpTrace Verbose: 0 : 10948, 12, 2023/04/02, 11:23:55.813, 56825733761, vstest.console.dll, MulticastDelegateUtilities.SafeInvoke: TestRun.LogMessages: Invoking callback 1/1 for Microsoft.VisualStudio.TestPlatform.CommandLine.TestRunResultAggregator., took 0 ms.
TpTrace Information: 0 : 10948, 12, 2023/04/02, 11:23:55.813, 56825734147, vstest.console.dll, TestRunRequest:SendTestRunMessage: Completed.
TpTrace Verbose: 0 : 10948, 4, 2023/04/02, 11:23:55.813, 56825734229, vstest.console.dll, MulticastDelegateUtilities.SafeInvoke: InternalTestLoggerEvents.SendTestRunMessage: Invoking callback 1/1 for Microsoft.VisualStudio.TestPlatform.CommandLine.Internal.ConsoleLogger., took 0 ms.
TpTrace Verbose: 0 : 10948, 12, 2023/04/02, 11:23:55.813, 56825735659, vstest.console.dll, MulticastDelegateUtilities.SafeInvoke: LengthPrefixCommunicationChannel: MessageReceived: Invoking callback 1/1 for Microsoft.VisualStudio.TestPlatform.CommunicationUtilities.TestRequestSender+<>c__DisplayClass34_0., took 0 ms.
TpTrace Verbose: 0 : 10948, 12, 2023/04/02, 11:23:55.813, 56825736250, vstest.console.dll, TcpClientExtensions.MessageLoopAsync: Polling on remoteEndPoint: 127.0.0.1:53162 localEndPoint: 127.0.0.1:53161
TpTrace Verbose: 0 : 10948, 12, 2023/04/02, 11:23:55.843, 56826036660, vstest.console.dll, TcpClientExtensions.MessageLoopAsync: NotifyDataAvailable remoteEndPoint: 127.0.0.1:53162 localEndPoint: 127.0.0.1:53161
TpTrace Verbose: 0 : 10948, 12, 2023/04/02, 11:23:55.844, 56826041117, vstest.console.dll, TestRequestSender.OnExecutionMessageReceived: Received message: {"Version":7,"MessageType":"TestExecution.Completed","Payload":{"TestRunCompleteArgs":{"TestRunStatistics":{"ExecutedTests":25,"Stats":{"Passed":13,"Failed":12}},"IsCanceled":false,"IsAborted":false,"Error":null,"AttachmentSets":[],"InvokedDataCollectors":[],"ElapsedTimeInRunningTests":"00:00:02.6099070","Metrics":{},"DiscoveredExtensions":{"TestDiscoverers":["NUnit.VisualStudio.TestAdapter.NUnit3TestDiscoverer, NUnit3.TestAdapter, Version=4.3.0.0, Culture=neutral, PublicKeyToken=4cb40d35494691ac"],"TestExecutors":["executor://NUnit3TestExecutor"],"TestExecutors2":[],"TestSettingsProviders":[]}},"LastRunTests":{"NewTestResults":[{"TestCase":{"Id":"56113367-2efb-1058-6879-72d050b08c6f","FullyQualifiedName":"Project.Tests.Services.BookServiceTests.GetModelCreate_ReturnModel","DisplayName":"GetModelCreate_ReturnModel","ExecutorUri":"executor://NUnit3TestExecutor","Source":"C:\\Users\\Neychev\\source\\repos\\Project\\Tests\\bin\\Debug\\net6.0\\fine-code-coverage\\build-output\\Tests.dll","CodeFilePath":null,"LineNumber":0,"Properties":[{"Key":{"Id":"NUnit.Seed","Label":"Seed","Category":"","Description":"","Attributes":0,"ValueType":"System.String"},"Value":"1616558172"}]},"Attachments":[],"Outcome":1,"ErrorMessage":null,"ErrorStackTrace":null,"DisplayName":"GetModelCreate_ReturnModel","Messages":[],"ComputerName":"ACERNITRO5","Duration":"00:00:00.0010310","StartTime":"2023-04-02T08:23:55.7048686+00:00","EndTime":"2023-04-02T08:23:55.705899+00:00","Properties":[{"Key":{"Id":"NUnit.Seed","Label":"Seed","Category":"","Description":"","Attributes":0,"ValueType":"System.String"},"Value":"1616558172"}]},{"TestCase":{"Id":"9a051eaf-dffc-bf26-c155-659fe556010e","FullyQualifiedName":"Project.Tests.Services.BookServiceTests.Update_UpdateModel","DisplayName":"Update_UpdateModel","ExecutorUri":"executor://NUnit3TestExecutor","Source":"C:\\Users\\Neychev\\source\\repos\\Project\\Tests\\bin\\Debug\\net6.0\\fine-code-coverage\\build-output\\Tests.dll","CodeFilePath":null,"LineNumber":0,"Properties":[{"Key":{"Id":"NUnit.Seed","Label":"Seed","Category":"","Description":"","Attributes":0,"ValueType":"System.String"},"Value":"2072149662"}]},"Attachments":[],"Outcome":1,"ErrorMessage":null,"ErrorStackTrace":null,"DisplayName":"Update_UpdateModel","Messages":[],"ComputerName":"ACERNITRO5","Duration":"00:00:00.0117510","StartTime":"2023-04-02T08:23:55.705921+00:00","EndTime":"2023-04-02T08:23:55.7176723+00:00","Properties":[{"Key":{"Id":"NUnit.Seed","Label":"Seed","Category":"","Description":"","Attributes":0,"ValueType":"System.String"},"Value":"2072149662"}]},{"TestCase":{"Id":"eb0e749a-1b35-216e-f45d-ee3f2f524295","FullyQualifiedName":"Project.Tests.Services.CommentServiceTests.Add_CreatesNewComment","DisplayName":"Add_CreatesNewComment","ExecutorUri":"executor://NUnit3TestExecutor","Source":"C:\\Users\\Neychev\\source\\repos\\Project\\Tests\\bin\\Debug\\net6.0\\fine-code-coverage\\build-output\\Tests.dll","CodeFilePath":null,"LineNumber":0,"Properties":[{"Key":{"Id":"NUnit.Seed","Label":"Seed","Category":"","Description":"","Attributes":0,"ValueType":"System.String"},"Value":"1100175212"}]},"Attachments":[],"Outcome":1,"ErrorMessage":null,"ErrorStackTrace":null,"DisplayName":"Add_CreatesNewComment","Messages":[],"ComputerName":"ACERNITRO5","Duration":"00:00:00.0241180","StartTime":"2023-04-02T08:23:55.7179407+00:00","EndTime":"2023-04-02T08:23:55.7420583+00:00","Properties":[{"Key":{"Id":"NUnit.Seed","Label":"Seed","Category":"","Description":"","Attributes":0,"ValueType":"System.String"},"Value":"1100175212"}]},{"TestCase":{"Id":"02f7130f-40c9-4bb4-0cfb-3694694e74fd","FullyQualifiedName":"Project.Tests.Services.CommentServiceTests.Edit_UpdatesCommentDescription","DisplayName":"Edit_UpdatesCommentDescription","ExecutorUri":"executor://NUnit3TestExecutor","Source":"C:\\Users\\Neychev\\source\\repos\\Project\\Tests\\bin\\Debug\\net6.0\\fine-code-coverage\\build-output\\Tests.dll","CodeFilePath":null,"LineNumber":0,"Properties":[{"Key":{"Id":"NUnit.Seed","Label":"Seed","Category":"","Description":"","Attributes":0,"ValueType":"System.String"},"Value":"1014204783"}]},"Attachments":[],"Outcome":2,"ErrorMessage":"  Expected string length 15 but was 11. Strings differ at index 0.\r\n  Expected: \"Initial Comment\"\r\n  But was:  \"New Comment\"\r\n  -----------^\r\n","ErrorStackTrace":"   at Project.Tests.Services.CommentServiceTests.Edit_UpdatesCommentDescription() in C:\\Users\\Neychev\\source\\repos\\Project\\Tests\\CommentServiceTests.cs:line 112\r\n\n1)    at Project.Tests.Services.CommentServiceTests.Edit_UpdatesCommentDescription() in C:\\Users\\Neychev\\source\\repos\\Project\\Tests\\CommentServiceTests.cs:line 112\r\n\n","DisplayName":"Edit_UpdatesCommentDescription","Messages":[],"ComputerName":"ACERNITRO5","Duration":"00:00:00.0392700","StartTime":"2023-04-02T08:23:55.7421126+00:00","EndTime":"2023-04-02T08:23:55.7813821+00:00","Properties":[{"Key":{"Id":"NUnit.Seed","Label":"Seed","Category":"","Description":"","Attributes":0,"ValueType":"System.String"},"Value":"1014204783"}]},{"TestCase":{"Id":"06f18ef2-0ed9-f2eb-8fc7-ed831648cda7","FullyQualifiedName":"Project.Tests.Services.CommentServiceTests.GetComments_ReturnsCommentsForGivenBookId","DisplayName":"GetComments_ReturnsCommentsForGivenBookId","ExecutorUri":"executor://NUnit3TestExecutor","Source":"C:\\Users\\Neychev\\source\\repos\\Project\\Tests\\bin\\Debug\\net6.0\\fine-code-coverage\\build-output\\Tests.dll","CodeFilePath":null,"LineNumber":0,"Properties":[{"Key":{"Id":"NUnit.Seed","Label":"Seed","Category":"","Description":"","Attributes":0,"ValueType":"System.String"},"Value":"35214061"}]},"Attachments":[],"Outcome":2,"ErrorMessage":"  Expected: 3\r\n  But was:  5\r\n","ErrorStackTrace":"   at Project.Tests.Services.CommentServiceTests.GetComments_ReturnsCommentsForGivenBookId() in C:\\Users\\Neychev\\source\\repos\\Project\\Tests\\CommentServiceTests.cs:line 46\r\n\n1)    at Project.Tests.Services.CommentServiceTests.GetComments_ReturnsCommentsForGivenBookId() in C:\\Users\\Neychev\\source\\repos\\Project\\Tests\\CommentServiceTests.cs:line 46\r\n\n","DisplayName":"GetComments_ReturnsCommentsForGivenBookId","Messages":[],"ComputerName":"ACERNITRO5","Duration":"00:00:00.0055330","StartTime":"2023-04-02T08:23:55.7814308+00:00","EndTime":"2023-04-02T08:23:55.7869638+00:00","Properties":[{"Key":{"Id":"NUnit.Seed","Label":"Seed","Category":"","Description":"","Attributes":0,"ValueType":"System.String"},"Value":"35214061"}]},{"TestCase":{"Id":"3dac4d06-5137-c36d-5894-bdaeefeb2898","FullyQualifiedName":"Project.Tests.Services.CommentServiceTests.GetModelForCreate_ReturnsCommentViewModelWithBook","DisplayName":"GetModelForCreate_ReturnsCommentViewModelWithBook","ExecutorUri":"executor://NUnit3TestExecutor","Source":"C:\\Users\\Neychev\\source\\repos\\Project\\Tests\\bin\\Debug\\net6.0\\fine-code-coverage\\build-output\\Tests.dll","CodeFilePath":null,"LineNumber":0,"Properties":[{"Key":{"Id":"NUnit.Seed","Label":"Seed","Category":"","Description":"","Attributes":0,"ValueType":"System.String"},"Value":"1019973089"}]},"Attachments":[],"Outcome":1,"ErrorMessage":null,"ErrorStackTrace":null,"DisplayName":"GetModelForCreate_ReturnsCommentViewModelWithBook","Messages":[],"ComputerName":"ACERNITRO5","Duration":"00:00:00.0078990","StartTime":"2023-04-02T08:23:55.7870221+00:00","EndTime":"2023-04-02T08:23:55.7949206+00:00","Properties":[{"Key":{"Id":"NUnit.Seed","Label":"Seed","Category":"","Description":"","Attributes":0,"ValueType":"System.String"},"Value":"1019973089"}]},{"TestCase":{"Id":"0fd3ce5a-906c-6a1a-2e53-7bb1f1753024","FullyQualifiedName":"Project.Tests.Services.CommentServiceTests.GetModelForEditAndDelete_ReturnsCommentViewModelWithBook","DisplayName":"GetModelForEditAndDelete_ReturnsCommentViewModelWithBook","ExecutorUri":"executor://NUnit3TestExecutor","Source":"C:\\Users\\Neychev\\source\\repos\\Project\\Tests\\bin\\Debug\\net6.0\\fine-code-coverage\\build-output\\Tests.dll","CodeFilePath":null,"LineNumber":0,"Properties":[{"Key":{"Id":"NUnit.Seed","Label":"Seed","Category":"","Description":"","Attributes":0,"ValueType":"System.String"},"Value":"1754184268"}]},"Attachments":[],"Outcome":2,"ErrorMessage":"  Expected string length 9 but was 11. Strings differ at index 0.\r\n  Expected: \"Comment 1\"\r\n  But was:  \"New Comment\"\r\n  -----------^\r\n","ErrorStackTrace":"   at Project.Tests.Services.CommentServiceTests.GetModelForEditAndDelete_ReturnsCommentViewModelWithBook() in C:\\Users\\Neychev\\source\\repos\\Project\\Tests\\CommentServiceTests.cs:line 95\r\n\n1)    at Project.Tests.Services.CommentServiceTests.GetModelForEditAndDelete_ReturnsCommentViewModelWithBook() in C:\\Users\\Neychev\\source\\repos\\Project\\Tests\\CommentServiceTests.cs:line 95\r\n\n","DisplayName":"GetModelForEditAndDelete_ReturnsCommentViewModelWithBook","Messages":[],"ComputerName":"ACERNITRO5","Duration":"00:00:00.0035920","StartTime":"2023-04-02T08:23:55.7949605+00:00","EndTime":"2023-04-02T08:23:55.7985519+00:00","Properties":[{"Key":{"Id":"NUnit.Seed","Label":"Seed","Category":"","Description":"","Attributes":0,"ValueType":"System.String"},"Value":"1754184268"}]}],"TestRunStatistics":{"ExecutedTests":25,"Stats":{"Passed":13,"Failed":12}},"ActiveTests":[]},"RunAttachments":[],"ExecutorUris":["executor://nunit3testexecutor/"]}}
TpTrace Verbose: 0 : 10948, 12, 2023/04/02, 11:23:55.844, 56826043573, vstest.console.dll, TestRequestSender.EndSession: Sending end session.
TpTrace Verbose: 0 : 10948, 12, 2023/04/02, 11:23:55.844, 56826045998, vstest.console.dll, ProxyOperationManager.Close: waiting for test host to exit for 100 ms
TpTrace Warning: 0 : 10948, 11, 2023/04/02, 11:23:55.875, 56826358426, vstest.console.dll, TestHostManagerCallbacks.ErrorReceivedCallback Test host standard error line: 
TpTrace Verbose: 0 : 10948, 11, 2023/04/02, 11:23:55.887, 56826471539, vstest.console.dll, TestHostProvider.ExitCallBack: Host exited starting callback.
TpTrace Information: 0 : 10948, 11, 2023/04/02, 11:23:55.887, 56826474124, vstest.console.dll, TestHostManagerCallbacks.ExitCallBack: Testhost processId: 26152 exited with exitcode: 0 error: ''
TpTrace Verbose: 0 : 10948, 11, 2023/04/02, 11:23:55.887, 56826474754, vstest.console.dll, DotnetTestHostManager.OnHostExited: invoking OnHostExited callback
TpTrace Verbose: 0 : 10948, 11, 2023/04/02, 11:23:55.887, 56826475304, vstest.console.dll, CrossPlatEngine.TestHostManagerHostExited: calling on client process exit callback.
TpTrace Information: 0 : 10948, 11, 2023/04/02, 11:23:55.887, 56826476039, vstest.console.dll, TestRequestSender.OnClientProcessExit: Test host process exited. Standard error: 
TpTrace Information: 0 : 10948, 11, 2023/04/02, 11:23:55.887, 56826476531, vstest.console.dll, SocketServer.Stop: Stop server endPoint: 127.0.0.1:53161
TpTrace Information: 0 : 10948, 11, 2023/04/02, 11:23:55.887, 56826476928, vstest.console.dll, SocketServer.Stop: Cancellation requested. Stopping message loop.
TpTrace Information: 0 : 10948, 12, 2023/04/02, 11:23:55.887, 56826477800, vstest.console.dll, SocketServer.Stop: Stop server endPoint: 127.0.0.1:53161
TpTrace Verbose: 0 : 10948, 11, 2023/04/02, 11:23:55.887, 56826478160, vstest.console.dll, MulticastDelegateUtilities.SafeInvoke: HostProviderEvents.OnHostExited: Invoking callback 1/1 for Microsoft.VisualStudio.TestPlatform.CrossPlatEngine.Client.ProxyOperationManager., took 0 ms.
TpTrace Information: 0 : 10948, 12, 2023/04/02, 11:23:55.888, 56826479178, vstest.console.dll, SocketServer.Stop: Cancellation requested. Stopping message loop.
TpTrace Information: 0 : 10948, 12, 2023/04/02, 11:23:55.888, 56826480133, vstest.console.dll, Closing the connection
TpTrace Verbose: 0 : 10948, 12, 2023/04/02, 11:23:55.888, 56826483279, vstest.console.dll, ProxyDataCollectionManager.InvokeDataCollectionServiceAction: Starting.
TpTrace Information: 0 : 10948, 12, 2023/04/02, 11:23:55.888, 56826483935, vstest.console.dll, ProxyDataCollectionManager.AfterTestRunEnd: Get attachment set and invoked data collectors processId: 27376 port: 53158
TpTrace Verbose: 0 : 10948, 12, 2023/04/02, 11:23:55.888, 56826484554, vstest.console.dll, DataCollectionRequestSender.SendAfterTestRunStartAndGetResult: Send AfterTestRunEnd message with isCancelled: False
TpTrace Verbose: 0 : 10948, 12, 2023/04/02, 11:23:55.899, 56826592609, vstest.console.dll, DataCollectionRequestSender.SendAfterTestRunStartAndGetResult: Received message: (DataCollection.AfterTestRunEndResult) -> {"MessageType":"DataCollection.AfterTestRunEndResult","Payload":{"AttachmentSets":[],"InvokedDataCollectors":[{"Uri":"datacollector://Microsoft/TestPlatform/Extensions/Blame/v1","FriendlyName":"Blame","AssemblyQualifiedName":"Microsoft.TestPlatform.Extensions.BlameDataCollector.BlameCollector, Microsoft.TestPlatform.Extensions.BlameDataCollector, Version=15.0.0.0, Culture=neutral, PublicKeyToken=b03f5f7f11d50a3a","FilePath":"C:\\Program Files\\dotnet\\sdk\\7.0.201\\Extensions\\Microsoft.TestPlatform.Extensions.BlameDataCollector.dll","HasAttachmentProcessor":false}],"Metrics":{}}}
TpTrace Warning: 0 : 10948, 10, 2023/04/02, 11:23:55.908, 56826680752, vstest.console.dll, DataCollectionLauncher.ErrorReceivedCallback datacollector standard error line: 
TpTrace Information: 0 : 10948, 12, 2023/04/02, 11:23:55.908, 56826682830, vstest.console.dll, ProxyDataCollectionManager.InvokeDataCollectionServiceAction: Completed.
TpTrace Information: 0 : 10948, 10, 2023/04/02, 11:23:55.919, 56826794776, vstest.console.dll, DataCollectionLauncher.ExitCallBack: Data collector exited with exitcode: 0 error: ''
TpTrace Verbose: 0 : 10948, 12, 2023/04/02, 11:23:55.975, 56827350056, vstest.console.dll, TestRunRequest:SendTestRunStatsChange: Starting.
TpTrace Verbose: 0 : 10948, 12, 2023/04/02, 11:23:55.975, 56827351758, vstest.console.dll, MulticastDelegateUtilities.SafeInvoke: TestRun.RunStatsChanged: Invoking callbacks was skipped because there are no subscribers.
TpTrace Information: 0 : 10948, 12, 2023/04/02, 11:23:55.975, 56827352191, vstest.console.dll, TestRunRequest:SendTestRunStatsChange: Completed.
TpTrace Verbose: 0 : 10948, 4, 2023/04/02, 11:23:55.975, 56827353946, vstest.console.dll, MulticastDelegateUtilities.SafeInvoke: InternalTestLoggerEvents.SendTestResult: Invoking callback 1/1 for Microsoft.VisualStudio.TestPlatform.CommandLine.Internal.ConsoleLogger., took 0 ms.
TpTrace Verbose: 0 : 10948, 4, 2023/04/02, 11:23:55.975, 56827354974, vstest.console.dll, MulticastDelegateUtilities.SafeInvoke: InternalTestLoggerEvents.SendTestResult: Invoking callback 1/1 for Microsoft.VisualStudio.TestPlatform.CommandLine.Internal.ConsoleLogger., took 0 ms.
TpTrace Verbose: 0 : 10948, 4, 2023/04/02, 11:23:55.975, 56827355707, vstest.console.dll, MulticastDelegateUtilities.SafeInvoke: InternalTestLoggerEvents.SendTestResult: Invoking callback 1/1 for Microsoft.VisualStudio.TestPlatform.CommandLine.Internal.ConsoleLogger., took 0 ms.
TpTrace Verbose: 0 : 10948, 4, 2023/04/02, 11:23:55.976, 56827358923, vstest.console.dll, MulticastDelegateUtilities.SafeInvoke: InternalTestLoggerEvents.SendTestResult: Invoking callback 1/1 for Microsoft.VisualStudio.TestPlatform.CommandLine.Internal.ConsoleLogger., took 0 ms.
TpTrace Verbose: 0 : 10948, 12, 2023/04/02, 11:23:55.976, 56827359657, vstest.console.dll, ParallelProxyExecutionManager: HandlePartialRunComplete: Total completed clients = 1, Run complete = True, Run canceled: False.
TpTrace Verbose: 0 : 10948, 4, 2023/04/02, 11:23:55.976, 56827363163, vstest.console.dll, MulticastDelegateUtilities.SafeInvoke: InternalTestLoggerEvents.SendTestResult: Invoking callback 1/1 for Microsoft.VisualStudio.TestPlatform.CommandLine.Internal.ConsoleLogger., took 0 ms.
TpTrace Verbose: 0 : 10948, 4, 2023/04/02, 11:23:55.976, 56827364632, vstest.console.dll, MulticastDelegateUtilities.SafeInvoke: InternalTestLoggerEvents.SendTestResult: Invoking callback 1/1 for Microsoft.VisualStudio.TestPlatform.CommandLine.Internal.ConsoleLogger., took 0 ms.
TpTrace Verbose: 0 : 10948, 4, 2023/04/02, 11:23:55.976, 56827367687, vstest.console.dll, MulticastDelegateUtilities.SafeInvoke: InternalTestLoggerEvents.SendTestResult: Invoking callback 1/1 for Microsoft.VisualStudio.TestPlatform.CommandLine.Internal.ConsoleLogger., took 0 ms.
TpTrace Verbose: 0 : 10948, 4, 2023/04/02, 11:23:55.990, 56827503864, vstest.console.dll, MulticastDelegateUtilities.SafeInvoke: InternalTestLoggerEvents.SendTestRunComplete: Invoking callback 1/2 for Microsoft.TestPlatform.Extensions.BlameDataCollector.BlameLogger., took 0 ms.
TpTrace Verbose: 0 : 10948, 4, 2023/04/02, 11:23:55.999, 56827589256, vstest.console.dll, MulticastDelegateUtilities.SafeInvoke: InternalTestLoggerEvents.SendTestRunComplete: Invoking callback 2/2 for Microsoft.VisualStudio.TestPlatform.CommandLine.Internal.ConsoleLogger., took 8 ms.
TpTrace Verbose: 0 : 10948, 12, 2023/04/02, 11:23:55.999, 56827594007, vstest.console.dll, TestRunRequest:TestRunComplete: Starting. IsAborted:False IsCanceled:False.
TpTrace Verbose: 0 : 10948, 12, 2023/04/02, 11:23:56.001, 56827617110, vstest.console.dll, TestLoggerManager.HandleTestRunComplete: Ignoring as the object is disposed.
TpTrace Verbose: 0 : 10948, 12, 2023/04/02, 11:23:56.002, 56827619970, vstest.console.dll, MulticastDelegateUtilities.SafeInvoke: TestRun.TestRunComplete: Invoking callback 1/2 for Microsoft.VisualStudio.TestPlatform.CommandLine.TestRunResultAggregator., took 0 ms.
TpTrace Verbose: 0 : 10948, 12, 2023/04/02, 11:23:56.002, 56827622059, vstest.console.dll, MulticastDelegateUtilities.SafeInvoke: TestRun.TestRunComplete: Invoking callback 2/2 for Microsoft.VisualStudio.TestPlatform.CommandLine.Processors.RunTestsArgumentExecutor+TestRunRequestEventsRegistrar., took 0 ms.
TpTrace Information: 0 : 10948, 12, 2023/04/02, 11:23:56.002, 56827623399, vstest.console.dll, TestRunRequest:TestRunComplete: Completed.
TpTrace Verbose: 0 : 10948, 12, 2023/04/02, 11:23:56.002, 56827623961, vstest.console.dll, TestRequestSender.SetOperationComplete: Setting operation complete.
TpTrace Information: 0 : 10948, 12, 2023/04/02, 11:23:56.002, 56827624386, vstest.console.dll, SocketServer.Stop: Stop server endPoint: 127.0.0.1:53161
TpTrace Information: 0 : 10948, 12, 2023/04/02, 11:23:56.002, 56827624707, vstest.console.dll, SocketServer.Stop: Cancellation requested. Stopping message loop.
TpTrace Verbose: 0 : 10948, 1, 2023/04/02, 11:23:56.002, 56827624642, vstest.console.dll, TestRunRequest.Dispose: Starting.
TpTrace Verbose: 0 : 10948, 12, 2023/04/02, 11:23:56.002, 56827625187, vstest.console.dll, MulticastDelegateUtilities.SafeInvoke: LengthPrefixCommunicationChannel: MessageReceived: Invoking callback 1/1 for Microsoft.VisualStudio.TestPlatform.CommunicationUtilities.TestRequestSender+<>c__DisplayClass34_0., took 158 ms.
TpTrace Information: 0 : 10948, 1, 2023/04/02, 11:23:56.002, 56827626334, vstest.console.dll, TestRunRequest.Dispose: Completed.
TpTrace Information: 0 : 10948, 12, 2023/04/02, 11:23:56.002, 56827627505, vstest.console.dll, SocketServer.PrivateStop: Stopping server endPoint: 127.0.0.1:53161 error: 
TpTrace Information: 0 : 10948, 1, 2023/04/02, 11:23:56.002, 56827628468, vstest.console.dll, TestRequestManager.RunTests: run tests completed.
TpTrace Information: 0 : 10948, 1, 2023/04/02, 11:23:56.003, 56827630803, vstest.console.dll, RunTestsArgumentProcessor:Execute: Test run is completed.
TpTrace Verbose: 0 : 10948, 1, 2023/04/02, 11:23:56.003, 56827633812, vstest.console.dll, Executor.Execute: Exiting with exit code of 1
TpTrace Verbose: 0 : 10948, 12, 2023/04/02, 11:23:56.003, 56827634615, vstest.console.dll, LengthPrefixCommunicationChannel.Dispose: Dispose reader and writer.
TpTrace Information: 0 : 10948, 12, 2023/04/02, 11:23:56.003, 56827635699, vstest.console.dll, SocketServer.Stop: Raise disconnected event endPoint: 127.0.0.1:53161 error: 
TpTrace Verbose: 0 : 10948, 12, 2023/04/02, 11:23:56.003, 56827636980, vstest.console.dll, TestRequestSender: OnTestRunAbort: Operation is already complete. Skip error message.
TpTrace Verbose: 0 : 10948, 12, 2023/04/02, 11:23:56.003, 56827637549, vstest.console.dll, MulticastDelegateUtilities.SafeInvoke: SocketServer: ClientDisconnected: Invoking callback 1/1 for Microsoft.VisualStudio.TestPlatform.CommunicationUtilities.TestRequestSender., took 0 ms.
TpTrace Verbose: 0 : 10948, 12, 2023/04/02, 11:23:56.003, 56827637913, vstest.console.dll, TcpClientExtensions.MessageLoopAsync: exiting MessageLoopAsync remoteEndPoint: 127.0.0.1:53162 localEndPoint: 127.0.0.1:53161
